#
# A fatal error has been detected by the Java Runtime Environment:
#
#  SIGBUS (0x7) at pc=0x00007ff050784440, pid=38046, tid=38068
#
# JRE version: OpenJDK Runtime Environment (11.0.11+9) (build 11.0.11+9-Ubuntu-0ubuntu2.20.04)
# Java VM: OpenJDK 64-Bit Server VM (11.0.11+9-Ubuntu-0ubuntu2.20.04, mixed mode, sharing, tiered, compressed oops, g1 gc, linux-amd64)
# Problematic frame:
# 
[error occurred during error reporting (printing problematic frame), id 0x7, SIGBUS (0x7) at pc=0x00007ff07ec204d0]

# Core dump will be written. Default location: Core dumps may be processed with "/lib/systemd/systemd-coredump %P %u %g %s %t 9223372036854775808 %h" (or dumping to /home/hoosain/NetBeansProjects/Optimed/core.38046)
#
# If you would like to submit a bug report, please visit:
#   https://bugs.launchpad.net/ubuntu/+source/openjdk-lts
#

---------------  S U M M A R Y ------------

Command Line: -Dclassworlds.conf=/media/hoosain/SDCard/Programs/netbeans-12.4/netbeans/java/maven/bin/m2.conf -Dmaven.home=/media/hoosain/SDCard/Programs/netbeans-12.4/netbeans/java/maven -Dlibrary.jansi.path=/media/hoosain/SDCard/Programs/netbeans-12.4/netbeans/java/maven/lib/jansi-native -Dmaven.multiModuleProjectDirectory=/home/hoosain/NetBeansProjects/Optimed org.codehaus.plexus.classworlds.launcher.Launcher -Dspring-boot.run.jvmArguments=-noverify -XX:TieredStopAtLevel=1 -Dspring-boot.run.mainClass=com.madhis.optimed.OptimedApplication -Dexec.vmArgs= -Dexec.appArgs= -Dmaven.ext.class.path=/media/hoosain/SDCard/Programs/netbeans-12.4/netbeans/java/maven-nblib/netbeans-eventspy.jar spring-boot:run

Host: Intel(R) Core(TM) i5-4310U CPU @ 2.00GHz, 4 cores, 7G, Linux Mint 20.2 Uma
Time: Tue Aug 24 14:11:01 2021 SAST elapsed time: 19812.842868 seconds (0d 5h 30m 12s)

---------------  T H R E A D  ---------------

Current thread (0x00007ff07810c000):  VMThread "VM Thread" [stack: 0x00007ff0580a4000,0x00007ff0581a4000] [id=38068]

Stack: [0x00007ff0580a4000,0x00007ff0581a4000],  sp=0x00007ff0581a2758,  free space=1017k
Native frames: (J=compiled Java code, A=aot compiled Java code, j=interpreted, Vv=VM code, C=native code)

[error occurred during error reporting (printing native stack), id 0x7, SIGBUS (0x7) at pc=0x00007ff07ec204d0]


siginfo: si_signo: 7 (SIGBUS), si_code: 2 (BUS_ADRERR), si_addr: 0x00007ff050784440

Register to memory mapping:

RAX=0x0 is NULL
RBX=0x00007ff07ed08060: _rtld_global+0x0000000000000000 in /lib64/ld-linux-x86-64.so.2 at 0x00007ff07ecda000
RCX=0x0 is NULL
RDX=0x0000000000000001 is an unknown value
RSP=0x00007ff0581a2758 points into unknown readable memory: 0x00007ff07ecebf5b | 5b bf ce 7e f0 7f 00 00
RBP=0x00007ff0581a2860 points into unknown readable memory: 0x000000000000008f | 8f 00 00 00 00 00 00 00
RSI=
[error occurred during error reporting (printing register info), id 0x7, SIGBUS (0x7) at pc=0x00007ff07ec204d0]

Registers:
RAX=0x0000000000000000, RBX=0x00007ff07ed08060, RCX=0x0000000000000000, RDX=0x0000000000000001
RSP=0x00007ff0581a2758, RBP=0x00007ff0581a2860, RSI=0x00007ff050985ad8, RDI=0x00007ff07eaa1088
R8 =0x0000000000000000, R9 =0x00007ff0581a26a8, R10=0x0000000000000014, R11=0x0000000000000006
R12=0x0000000000000000, R13=0x00007ff0581a27f0, R14=0x00007ff050985ad8, R15=0x00007ff07833ef10
RIP=0x00007ff050784440, EFLAGS=0x0000000000010202, CSGSFS=0x002b000000000033, ERR=0x0000000000000014
  TRAPNO=0x000000000000000e

Top of Stack: (sp=0x00007ff0581a2758)
0x00007ff0581a2758:   00007ff07ecebf5b 00007ff07ed09190
0x00007ff0581a2768:   00007ff07ed09740 00007ff07ecd80c0
0x00007ff0581a2778:   00007ff078001240 00007ff0780091f0
0x00007ff0581a2788:   00007ff0780149f0 00007ff078021f10 

Instructions: (pc=0x00007ff050784440)
0x00007ff050784340:   ?? ?? ?? ?? ?? ?? ?? ?? ?? ?? ?? ?? ?? ?? ?? ??
0x00007ff050784350:   ?? ?? ?? ?? ?? ?? ?? ?? ?? ?? ?? ?? ?? ?? ?? ??
0x00007ff050784360:   ?? ?? ?? ?? ?? ?? ?? ?? ?? ?? ?? ?? ?? ?? ?? ??
0x00007ff050784370:   ?? ?? ?? ?? ?? ?? ?? ?? ?? ?? ?? ?? ?? ?? ?? ??
0x00007ff050784380:   ?? ?? ?? ?? ?? ?? ?? ?? ?? ?? ?? ?? ?? ?? ?? ??
0x00007ff050784390:   ?? ?? ?? ?? ?? ?? ?? ?? ?? ?? ?? ?? ?? ?? ?? ??
0x00007ff0507843a0:   ?? ?? ?? ?? ?? ?? ?? ?? ?? ?? ?? ?? ?? ?? ?? ??
0x00007ff0507843b0:   ?? ?? ?? ?? ?? ?? ?? ?? ?? ?? ?? ?? ?? ?? ?? ??
0x00007ff0507843c0:   ?? ?? ?? ?? ?? ?? ?? ?? ?? ?? ?? ?? ?? ?? ?? ??
0x00007ff0507843d0:   ?? ?? ?? ?? ?? ?? ?? ?? ?? ?? ?? ?? ?? ?? ?? ??
0x00007ff0507843e0:   ?? ?? ?? ?? ?? ?? ?? ?? ?? ?? ?? ?? ?? ?? ?? ??
0x00007ff0507843f0:   ?? ?? ?? ?? ?? ?? ?? ?? ?? ?? ?? ?? ?? ?? ?? ??
0x00007ff050784400:   ?? ?? ?? ?? ?? ?? ?? ?? ?? ?? ?? ?? ?? ?? ?? ??
0x00007ff050784410:   ?? ?? ?? ?? ?? ?? ?? ?? ?? ?? ?? ?? ?? ?? ?? ??
0x00007ff050784420:   ?? ?? ?? ?? ?? ?? ?? ?? ?? ?? ?? ?? ?? ?? ?? ??
0x00007ff050784430:   ?? ?? ?? ?? ?? ?? ?? ?? ?? ?? ?? ?? ?? ?? ?? ??
0x00007ff050784440:   ?? ?? ?? ?? ?? ?? ?? ?? ?? ?? ?? ?? ?? ?? ?? ??
0x00007ff050784450:   ?? ?? ?? ?? ?? ?? ?? ?? ?? ?? ?? ?? ?? ?? ?? ??
0x00007ff050784460:   ?? ?? ?? ?? ?? ?? ?? ?? ?? ?? ?? ?? ?? ?? ?? ??
0x00007ff050784470:   ?? ?? ?? ?? ?? ?? ?? ?? ?? ?? ?? ?? ?? ?? ?? ??
0x00007ff050784480:   ?? ?? ?? ?? ?? ?? ?? ?? ?? ?? ?? ?? ?? ?? ?? ??
0x00007ff050784490:   ?? ?? ?? ?? ?? ?? ?? ?? ?? ?? ?? ?? ?? ?? ?? ??
0x00007ff0507844a0:   ?? ?? ?? ?? ?? ?? ?? ?? ?? ?? ?? ?? ?? ?? ?? ??
0x00007ff0507844b0:   ?? ?? ?? ?? ?? ?? ?? ?? ?? ?? ?? ?? ?? ?? ?? ??
0x00007ff0507844c0:   ?? ?? ?? ?? ?? ?? ?? ?? ?? ?? ?? ?? ?? ?? ?? ??
0x00007ff0507844d0:   ?? ?? ?? ?? ?? ?? ?? ?? ?? ?? ?? ?? ?? ?? ?? ??
0x00007ff0507844e0:   ?? ?? ?? ?? ?? ?? ?? ?? ?? ?? ?? ?? ?? ?? ?? ??
0x00007ff0507844f0:   ?? ?? ?? ?? ?? ?? ?? ?? ?? ?? ?? ?? ?? ?? ?? ??
0x00007ff050784500:   ?? ?? ?? ?? ?? ?? ?? ?? ?? ?? ?? ?? ?? ?? ?? ??
0x00007ff050784510:   ?? ?? ?? ?? ?? ?? ?? ?? ?? ?? ?? ?? ?? ?? ?? ??
0x00007ff050784520:   ?? ?? ?? ?? ?? ?? ?? ?? ?? ?? ?? ?? ?? ?? ?? ??
0x00007ff050784530:   ?? ?? ?? ?? ?? ?? ?? ?? ?? ?? ?? ?? ?? ?? ?? ?? 


Stack slot to memory mapping:
stack at sp + 0 slots: 0x00007ff07ecebf5b: <offset 0x0000000000011f5b> in /lib64/ld-linux-x86-64.so.2 at 0x00007ff07ecda000
stack at sp + 1 slots: 0x00007ff07ed09190 points into unknown readable memory: 0x000055830c959000 | 00 90 95 0c 83 55 00 00
stack at sp + 2 slots: 0x00007ff07ed09740 points into unknown readable memory: 0x00007ffeb6ec5000 | 00 50 ec b6 fe 7f 00 00
stack at sp + 3 slots: 0x00007ff07ecd80c0 points into unknown readable memory: 0x00007ff07ecc5000 | 00 50 cc 7e f0 7f 00 00
stack at sp + 4 slots: 0x00007ff078001240 points into unknown readable memory: 0x00007ff07d376000 | 00 60 37 7d f0 7f 00 00
stack at sp + 5 slots: 0x00007ff0780091f0 points into unknown readable memory: 0x00007ff07d33f000 | 00 f0 33 7d f0 7f 00 00
stack at sp + 6 slots: 0x00007ff0780149f0 points into unknown readable memory: 0x00007ff07d316000 | 00 60 31 7d f0 7f 00 00
stack at sp + 7 slots: 0x00007ff078021f10 points into unknown readable memory: 0x00007ff07d32d000 | 00 d0 32 7d f0 7f 00 00

VM_Operation (0x00007ff05057d720): Exit, mode: safepoint, requested by thread 0x00007ff030001000


---------------  P R O C E S S  ---------------

Threads class SMR info:
_java_thread_list=0x00007ff01442da20, length=10, elements={
0x00007ff078016800, 0x00007ff07810f000, 0x00007ff078111000, 0x00007ff078118800,
0x00007ff07811a800, 0x00007ff07811d000, 0x00007ff07811f000, 0x00007ff07815a800,
0x00007ff078664000, 0x00007ff030001000
}

Java Threads: ( => current thread )
  0x00007ff078016800 JavaThread "main" [_thread_blocked, id=38062, stack(0x00007ff07d381000,0x00007ff07d482000)]
  0x00007ff07810f000 JavaThread "Reference Handler" daemon [_thread_blocked, id=38069, stack(0x00007ff0516ff000,0x00007ff051800000)]
  0x00007ff078111000 JavaThread "Finalizer" daemon [_thread_blocked, id=38070, stack(0x00007ff0515fe000,0x00007ff0516ff000)]
  0x00007ff078118800 JavaThread "Service Thread" daemon [_thread_blocked, id=38072, stack(0x00007ff050e8c000,0x00007ff050f8d000)]
  0x00007ff07811a800 JavaThread "C2 CompilerThread0" daemon [_thread_blocked, id=38073, stack(0x00007ff050d8b000,0x00007ff050e8c000)]
  0x00007ff07811d000 JavaThread "C1 CompilerThread0" daemon [_thread_blocked, id=38074, stack(0x00007ff050c8a000,0x00007ff050d8b000)]
  0x00007ff07811f000 JavaThread "Sweeper thread" daemon [_thread_blocked, id=38075, stack(0x00007ff050b89000,0x00007ff050c8a000)]
  0x00007ff07815a800 JavaThread "Common-Cleaner" daemon [_thread_blocked, id=38077, stack(0x00007ff050986000,0x00007ff050a87000)]
  0x00007ff078664000 JavaThread "process reaper" daemon [_thread_blocked, id=38083, stack(0x00007ff060009000,0x00007ff06002b000)]
  0x00007ff030001000 JavaThread "SIGTERM handler" daemon [_thread_blocked, id=58459, stack(0x00007ff05047e000,0x00007ff05057f000)]

Other Threads:
=>0x00007ff07810c000 VMThread "VM Thread" [stack: 0x00007ff0580a4000,0x00007ff0581a4000] [id=38068]
  0x00007ff07802d800 GCTaskThread "GC Thread#0" [stack: 0x00007ff07d034000,0x00007ff07d134000] [id=38063]
  0x00007ff044001000 GCTaskThread "GC Thread#1" [stack: 0x00007ff050683000,0x00007ff050783000] [id=38078]
  0x00007ff044002800 GCTaskThread "GC Thread#2" [stack: 0x00007ff050581000,0x00007ff050681000] [id=38079]
  0x00007ff07805f000 ConcurrentGCThread "G1 Main Marker" [stack: 0x00007ff060778000,0x00007ff060878000] [id=38064]
  0x00007ff078060800 ConcurrentGCThread "G1 Conc#0" [stack: 0x00007ff060676000,0x00007ff060776000] [id=38065]
  0x00007ff0780d9000 ConcurrentGCThread "G1 Refine#0" [stack: 0x00007ff060170000,0x00007ff060270000] [id=38066]
  0x00007ff0780da800 ConcurrentGCThread "G1 Young RemSet Sampling" [stack: 0x00007ff06006e000,0x00007ff06016e000] [id=38067]

Threads with active compile tasks:

VM state:at safepoint (shutting down)

VM Mutex/Monitor currently owned by a thread:  ([mutex/lock_event])
[0x00007ff078013180] Threads_lock - owner thread: 0x00007ff07810c000

Heap address: 0x0000000085000000, size: 1968 MB, Compressed Oops mode: 32-bit
Narrow klass base: 0x0000000800000000, Narrow klass shift: 3
Compressed class space size: 1073741824 Address: 0x0000000840000000

Heap:
 garbage-first heap   total 168960K, used 34408K [0x0000000085000000, 0x0000000100000000)
  region size 1024K, 25 young (25600K), 8 survivors (8192K)
 Metaspace       used 16971K, capacity 17959K, committed 18304K, reserved 1064960K
  class space    used 1841K, capacity 2078K, committed 2176K, reserved 1048576K
Heap Regions: E=young(eden), S=young(survivor), O=old, HS=humongous(starts), HC=humongous(continues), CS=collection set, F=free, A=archive, TAMS=top-at-mark-start (previous, next)
|   0|0x0000000085000000, 0x0000000085100000, 0x0000000085100000|100%| O|  |TAMS 0x0000000085000000, 0x0000000085000000| Untracked 
|   1|0x0000000085100000, 0x0000000085200000, 0x0000000085200000|100%| O|  |TAMS 0x0000000085100000, 0x0000000085100000| Untracked 
|   2|0x0000000085200000, 0x0000000085300000, 0x0000000085300000|100%| O|  |TAMS 0x0000000085200000, 0x0000000085200000| Untracked 
|   3|0x0000000085300000, 0x0000000085400000, 0x0000000085400000|100%|HS|  |TAMS 0x0000000085300000, 0x0000000085300000| Complete 
|   4|0x0000000085400000, 0x0000000085500000, 0x0000000085500000|100%| O|  |TAMS 0x0000000085400000, 0x0000000085400000| Untracked 
|   5|0x0000000085500000, 0x0000000085600000, 0x0000000085600000|100%| O|  |TAMS 0x0000000085500000, 0x0000000085500000| Untracked 
|   6|0x0000000085600000, 0x0000000085700000, 0x0000000085700000|100%| O|  |TAMS 0x0000000085600000, 0x0000000085600000| Untracked 
|   7|0x0000000085700000, 0x0000000085800000, 0x0000000085800000|100%| O|  |TAMS 0x0000000085700000, 0x0000000085700000| Untracked 
|   8|0x0000000085800000, 0x000000008586be00, 0x0000000085900000| 42%| O|  |TAMS 0x0000000085800000, 0x0000000085800000| Untracked 
|   9|0x0000000085900000, 0x0000000085900000, 0x0000000085a00000|  0%| F|  |TAMS 0x0000000085900000, 0x0000000085900000| Untracked 
|  10|0x0000000085a00000, 0x0000000085a00000, 0x0000000085b00000|  0%| F|  |TAMS 0x0000000085a00000, 0x0000000085a00000| Untracked 
|  11|0x0000000085b00000, 0x0000000085b00000, 0x0000000085c00000|  0%| F|  |TAMS 0x0000000085b00000, 0x0000000085b00000| Untracked 
|  12|0x0000000085c00000, 0x0000000085c00000, 0x0000000085d00000|  0%| F|  |TAMS 0x0000000085c00000, 0x0000000085c00000| Untracked 
|  13|0x0000000085d00000, 0x0000000085d00000, 0x0000000085e00000|  0%| F|  |TAMS 0x0000000085d00000, 0x0000000085d00000| Untracked 
|  14|0x0000000085e00000, 0x0000000085e00000, 0x0000000085f00000|  0%| F|  |TAMS 0x0000000085e00000, 0x0000000085e00000| Untracked 
|  15|0x0000000085f00000, 0x0000000085f00000, 0x0000000086000000|  0%| F|  |TAMS 0x0000000085f00000, 0x0000000085f00000| Untracked 
|  16|0x0000000086000000, 0x0000000086000000, 0x0000000086100000|  0%| F|  |TAMS 0x0000000086000000, 0x0000000086000000| Untracked 
|  17|0x0000000086100000, 0x0000000086100000, 0x0000000086200000|  0%| F|  |TAMS 0x0000000086100000, 0x0000000086100000| Untracked 
|  18|0x0000000086200000, 0x0000000086200000, 0x0000000086300000|  0%| F|  |TAMS 0x0000000086200000, 0x0000000086200000| Untracked 
|  19|0x0000000086300000, 0x0000000086300000, 0x0000000086400000|  0%| F|  |TAMS 0x0000000086300000, 0x0000000086300000| Untracked 
|  20|0x0000000086400000, 0x0000000086400000, 0x0000000086500000|  0%| F|  |TAMS 0x0000000086400000, 0x0000000086400000| Untracked 
|  21|0x0000000086500000, 0x0000000086500000, 0x0000000086600000|  0%| F|  |TAMS 0x0000000086500000, 0x0000000086500000| Untracked 
|  22|0x0000000086600000, 0x0000000086600000, 0x0000000086700000|  0%| F|  |TAMS 0x0000000086600000, 0x0000000086600000| Untracked 
|  23|0x0000000086700000, 0x0000000086700000, 0x0000000086800000|  0%| F|  |TAMS 0x0000000086700000, 0x0000000086700000| Untracked 
|  24|0x0000000086800000, 0x0000000086800000, 0x0000000086900000|  0%| F|  |TAMS 0x0000000086800000, 0x0000000086800000| Untracked 
|  25|0x0000000086900000, 0x0000000086900000, 0x0000000086a00000|  0%| F|  |TAMS 0x0000000086900000, 0x0000000086900000| Untracked 
|  26|0x0000000086a00000, 0x0000000086a00000, 0x0000000086b00000|  0%| F|  |TAMS 0x0000000086a00000, 0x0000000086a00000| Untracked 
|  27|0x0000000086b00000, 0x0000000086b00000, 0x0000000086c00000|  0%| F|  |TAMS 0x0000000086b00000, 0x0000000086b00000| Untracked 
|  28|0x0000000086c00000, 0x0000000086c00000, 0x0000000086d00000|  0%| F|  |TAMS 0x0000000086c00000, 0x0000000086c00000| Untracked 
|  29|0x0000000086d00000, 0x0000000086d00000, 0x0000000086e00000|  0%| F|  |TAMS 0x0000000086d00000, 0x0000000086d00000| Untracked 
|  30|0x0000000086e00000, 0x0000000086e00000, 0x0000000086f00000|  0%| F|  |TAMS 0x0000000086e00000, 0x0000000086e00000| Untracked 
|  31|0x0000000086f00000, 0x0000000086f00000, 0x0000000087000000|  0%| F|  |TAMS 0x0000000086f00000, 0x0000000086f00000| Untracked 
|  32|0x0000000087000000, 0x0000000087000000, 0x0000000087100000|  0%| F|  |TAMS 0x0000000087000000, 0x0000000087000000| Untracked 
|  33|0x0000000087100000, 0x0000000087100000, 0x0000000087200000|  0%| F|  |TAMS 0x0000000087100000, 0x0000000087100000| Untracked 
|  34|0x0000000087200000, 0x0000000087200000, 0x0000000087300000|  0%| F|  |TAMS 0x0000000087200000, 0x0000000087200000| Untracked 
|  35|0x0000000087300000, 0x0000000087300000, 0x0000000087400000|  0%| F|  |TAMS 0x0000000087300000, 0x0000000087300000| Untracked 
|  36|0x0000000087400000, 0x0000000087400000, 0x0000000087500000|  0%| F|  |TAMS 0x0000000087400000, 0x0000000087400000| Untracked 
|  37|0x0000000087500000, 0x0000000087500000, 0x0000000087600000|  0%| F|  |TAMS 0x0000000087500000, 0x0000000087500000| Untracked 
|  38|0x0000000087600000, 0x0000000087600000, 0x0000000087700000|  0%| F|  |TAMS 0x0000000087600000, 0x0000000087600000| Untracked 
|  39|0x0000000087700000, 0x0000000087700000, 0x0000000087800000|  0%| F|  |TAMS 0x0000000087700000, 0x0000000087700000| Untracked 
|  40|0x0000000087800000, 0x0000000087800000, 0x0000000087900000|  0%| F|  |TAMS 0x0000000087800000, 0x0000000087800000| Untracked 
|  41|0x0000000087900000, 0x0000000087900000, 0x0000000087a00000|  0%| F|  |TAMS 0x0000000087900000, 0x0000000087900000| Untracked 
|  42|0x0000000087a00000, 0x0000000087a00000, 0x0000000087b00000|  0%| F|  |TAMS 0x0000000087a00000, 0x0000000087a00000| Untracked 
|  43|0x0000000087b00000, 0x0000000087b00000, 0x0000000087c00000|  0%| F|  |TAMS 0x0000000087b00000, 0x0000000087b00000| Untracked 
|  44|0x0000000087c00000, 0x0000000087c00000, 0x0000000087d00000|  0%| F|  |TAMS 0x0000000087c00000, 0x0000000087c00000| Untracked 
|  45|0x0000000087d00000, 0x0000000087d00000, 0x0000000087e00000|  0%| F|  |TAMS 0x0000000087d00000, 0x0000000087d00000| Untracked 
|  46|0x0000000087e00000, 0x0000000087e00000, 0x0000000087f00000|  0%| F|  |TAMS 0x0000000087e00000, 0x0000000087e00000| Untracked 
|  47|0x0000000087f00000, 0x0000000087f00000, 0x0000000088000000|  0%| F|  |TAMS 0x0000000087f00000, 0x0000000087f00000| Untracked 
|  48|0x0000000088000000, 0x0000000088000000, 0x0000000088100000|  0%| F|  |TAMS 0x0000000088000000, 0x0000000088000000| Untracked 
|  49|0x0000000088100000, 0x0000000088100000, 0x0000000088200000|  0%| F|  |TAMS 0x0000000088100000, 0x0000000088100000| Untracked 
|  50|0x0000000088200000, 0x0000000088200000, 0x0000000088300000|  0%| F|  |TAMS 0x0000000088200000, 0x0000000088200000| Untracked 
|  51|0x0000000088300000, 0x0000000088300000, 0x0000000088400000|  0%| F|  |TAMS 0x0000000088300000, 0x0000000088300000| Untracked 
|  52|0x0000000088400000, 0x0000000088400000, 0x0000000088500000|  0%| F|  |TAMS 0x0000000088400000, 0x0000000088400000| Untracked 
|  53|0x0000000088500000, 0x0000000088500000, 0x0000000088600000|  0%| F|  |TAMS 0x0000000088500000, 0x0000000088500000| Untracked 
|  54|0x0000000088600000, 0x0000000088600000, 0x0000000088700000|  0%| F|  |TAMS 0x0000000088600000, 0x0000000088600000| Untracked 
|  55|0x0000000088700000, 0x0000000088700000, 0x0000000088800000|  0%| F|  |TAMS 0x0000000088700000, 0x0000000088700000| Untracked 
|  56|0x0000000088800000, 0x0000000088800000, 0x0000000088900000|  0%| F|  |TAMS 0x0000000088800000, 0x0000000088800000| Untracked 
|  57|0x0000000088900000, 0x0000000088900000, 0x0000000088a00000|  0%| F|  |TAMS 0x0000000088900000, 0x0000000088900000| Untracked 
|  58|0x0000000088a00000, 0x0000000088a00000, 0x0000000088b00000|  0%| F|  |TAMS 0x0000000088a00000, 0x0000000088a00000| Untracked 
|  59|0x0000000088b00000, 0x0000000088b00000, 0x0000000088c00000|  0%| F|  |TAMS 0x0000000088b00000, 0x0000000088b00000| Untracked 
|  60|0x0000000088c00000, 0x0000000088c00000, 0x0000000088d00000|  0%| F|  |TAMS 0x0000000088c00000, 0x0000000088c00000| Untracked 
|  61|0x0000000088d00000, 0x0000000088d00000, 0x0000000088e00000|  0%| F|  |TAMS 0x0000000088d00000, 0x0000000088d00000| Untracked 
|  62|0x0000000088e00000, 0x0000000088e00000, 0x0000000088f00000|  0%| F|  |TAMS 0x0000000088e00000, 0x0000000088e00000| Untracked 
|  63|0x0000000088f00000, 0x0000000088f00000, 0x0000000089000000|  0%| F|  |TAMS 0x0000000088f00000, 0x0000000088f00000| Untracked 
|  64|0x0000000089000000, 0x0000000089000000, 0x0000000089100000|  0%| F|  |TAMS 0x0000000089000000, 0x0000000089000000| Untracked 
|  65|0x0000000089100000, 0x0000000089100000, 0x0000000089200000|  0%| F|  |TAMS 0x0000000089100000, 0x0000000089100000| Untracked 
|  66|0x0000000089200000, 0x0000000089200000, 0x0000000089300000|  0%| F|  |TAMS 0x0000000089200000, 0x0000000089200000| Untracked 
|  67|0x0000000089300000, 0x000000008937c3f8, 0x0000000089400000| 48%| S|CS|TAMS 0x0000000089300000, 0x0000000089300000| Complete 
|  68|0x0000000089400000, 0x0000000089500000, 0x0000000089500000|100%| S|CS|TAMS 0x0000000089400000, 0x0000000089400000| Complete 
|  69|0x0000000089500000, 0x0000000089600000, 0x0000000089600000|100%| S|CS|TAMS 0x0000000089500000, 0x0000000089500000| Complete 
|  70|0x0000000089600000, 0x0000000089700000, 0x0000000089700000|100%| S|CS|TAMS 0x0000000089600000, 0x0000000089600000| Complete 
|  71|0x0000000089700000, 0x0000000089800000, 0x0000000089800000|100%| S|CS|TAMS 0x0000000089700000, 0x0000000089700000| Complete 
|  72|0x0000000089800000, 0x0000000089900000, 0x0000000089900000|100%| S|CS|TAMS 0x0000000089800000, 0x0000000089800000| Complete 
|  73|0x0000000089900000, 0x0000000089a00000, 0x0000000089a00000|100%| S|CS|TAMS 0x0000000089900000, 0x0000000089900000| Complete 
|  74|0x0000000089a00000, 0x0000000089b00000, 0x0000000089b00000|100%| S|CS|TAMS 0x0000000089a00000, 0x0000000089a00000| Complete 
|  75|0x0000000089b00000, 0x0000000089b00000, 0x0000000089c00000|  0%| F|  |TAMS 0x0000000089b00000, 0x0000000089b00000| Untracked 
|  76|0x0000000089c00000, 0x0000000089c00000, 0x0000000089d00000|  0%| F|  |TAMS 0x0000000089c00000, 0x0000000089c00000| Untracked 
|  77|0x0000000089d00000, 0x0000000089d00000, 0x0000000089e00000|  0%| F|  |TAMS 0x0000000089d00000, 0x0000000089d00000| Untracked 
|  78|0x0000000089e00000, 0x0000000089e00000, 0x0000000089f00000|  0%| F|  |TAMS 0x0000000089e00000, 0x0000000089e00000| Untracked 
|  79|0x0000000089f00000, 0x0000000089f00000, 0x000000008a000000|  0%| F|  |TAMS 0x0000000089f00000, 0x0000000089f00000| Untracked 
|  80|0x000000008a000000, 0x000000008a000000, 0x000000008a100000|  0%| F|  |TAMS 0x000000008a000000, 0x000000008a000000| Untracked 
|  81|0x000000008a100000, 0x000000008a100000, 0x000000008a200000|  0%| F|  |TAMS 0x000000008a100000, 0x000000008a100000| Untracked 
|  82|0x000000008a200000, 0x000000008a200000, 0x000000008a300000|  0%| F|  |TAMS 0x000000008a200000, 0x000000008a200000| Untracked 
|  83|0x000000008a300000, 0x000000008a300000, 0x000000008a400000|  0%| F|  |TAMS 0x000000008a300000, 0x000000008a300000| Untracked 
|  84|0x000000008a400000, 0x000000008a400000, 0x000000008a500000|  0%| F|  |TAMS 0x000000008a400000, 0x000000008a400000| Untracked 
|  85|0x000000008a500000, 0x000000008a500000, 0x000000008a600000|  0%| F|  |TAMS 0x000000008a500000, 0x000000008a500000| Untracked 
|  86|0x000000008a600000, 0x000000008a600000, 0x000000008a700000|  0%| F|  |TAMS 0x000000008a600000, 0x000000008a600000| Untracked 
|  87|0x000000008a700000, 0x000000008a700000, 0x000000008a800000|  0%| F|  |TAMS 0x000000008a700000, 0x000000008a700000| Untracked 
|  88|0x000000008a800000, 0x000000008a800000, 0x000000008a900000|  0%| F|  |TAMS 0x000000008a800000, 0x000000008a800000| Untracked 
|  89|0x000000008a900000, 0x000000008a900000, 0x000000008aa00000|  0%| F|  |TAMS 0x000000008a900000, 0x000000008a900000| Untracked 
|  90|0x000000008aa00000, 0x000000008aa00000, 0x000000008ab00000|  0%| F|  |TAMS 0x000000008aa00000, 0x000000008aa00000| Untracked 
|  91|0x000000008ab00000, 0x000000008ab00000, 0x000000008ac00000|  0%| F|  |TAMS 0x000000008ab00000, 0x000000008ab00000| Untracked 
|  92|0x000000008ac00000, 0x000000008ac00000, 0x000000008ad00000|  0%| F|  |TAMS 0x000000008ac00000, 0x000000008ac00000| Untracked 
|  93|0x000000008ad00000, 0x000000008ad00000, 0x000000008ae00000|  0%| F|  |TAMS 0x000000008ad00000, 0x000000008ad00000| Untracked 
|  94|0x000000008ae00000, 0x000000008ae00000, 0x000000008af00000|  0%| F|  |TAMS 0x000000008ae00000, 0x000000008ae00000| Untracked 
|  95|0x000000008af00000, 0x000000008af00000, 0x000000008b000000|  0%| F|  |TAMS 0x000000008af00000, 0x000000008af00000| Untracked 
|  96|0x000000008b000000, 0x000000008b000000, 0x000000008b100000|  0%| F|  |TAMS 0x000000008b000000, 0x000000008b000000| Untracked 
|  97|0x000000008b100000, 0x000000008b100000, 0x000000008b200000|  0%| F|  |TAMS 0x000000008b100000, 0x000000008b100000| Untracked 
|  98|0x000000008b200000, 0x000000008b200000, 0x000000008b300000|  0%| F|  |TAMS 0x000000008b200000, 0x000000008b200000| Untracked 
|  99|0x000000008b300000, 0x000000008b300000, 0x000000008b400000|  0%| F|  |TAMS 0x000000008b300000, 0x000000008b300000| Untracked 
| 100|0x000000008b400000, 0x000000008b400000, 0x000000008b500000|  0%| F|  |TAMS 0x000000008b400000, 0x000000008b400000| Untracked 
| 101|0x000000008b500000, 0x000000008b500000, 0x000000008b600000|  0%| F|  |TAMS 0x000000008b500000, 0x000000008b500000| Untracked 
| 102|0x000000008b600000, 0x000000008b600000, 0x000000008b700000|  0%| F|  |TAMS 0x000000008b600000, 0x000000008b600000| Untracked 
| 103|0x000000008b700000, 0x000000008b700000, 0x000000008b800000|  0%| F|  |TAMS 0x000000008b700000, 0x000000008b700000| Untracked 
| 104|0x000000008b800000, 0x000000008b800000, 0x000000008b900000|  0%| F|  |TAMS 0x000000008b800000, 0x000000008b800000| Untracked 
| 105|0x000000008b900000, 0x000000008b900000, 0x000000008ba00000|  0%| F|  |TAMS 0x000000008b900000, 0x000000008b900000| Untracked 
| 106|0x000000008ba00000, 0x000000008ba00000, 0x000000008bb00000|  0%| F|  |TAMS 0x000000008ba00000, 0x000000008ba00000| Untracked 
| 107|0x000000008bb00000, 0x000000008bb00000, 0x000000008bc00000|  0%| F|  |TAMS 0x000000008bb00000, 0x000000008bb00000| Untracked 
| 108|0x000000008bc00000, 0x000000008bc00000, 0x000000008bd00000|  0%| F|  |TAMS 0x000000008bc00000, 0x000000008bc00000| Untracked 
| 109|0x000000008bd00000, 0x000000008bd00000, 0x000000008be00000|  0%| F|  |TAMS 0x000000008bd00000, 0x000000008bd00000| Untracked 
| 110|0x000000008be00000, 0x000000008be00000, 0x000000008bf00000|  0%| F|  |TAMS 0x000000008be00000, 0x000000008be00000| Untracked 
| 111|0x000000008bf00000, 0x000000008bf00000, 0x000000008c000000|  0%| F|  |TAMS 0x000000008bf00000, 0x000000008bf00000| Untracked 
| 112|0x000000008c000000, 0x000000008c000000, 0x000000008c100000|  0%| F|  |TAMS 0x000000008c000000, 0x000000008c000000| Untracked 
| 113|0x000000008c100000, 0x000000008c100000, 0x000000008c200000|  0%| F|  |TAMS 0x000000008c100000, 0x000000008c100000| Untracked 
| 114|0x000000008c200000, 0x000000008c200000, 0x000000008c300000|  0%| F|  |TAMS 0x000000008c200000, 0x000000008c200000| Untracked 
| 115|0x000000008c300000, 0x000000008c300000, 0x000000008c400000|  0%| F|  |TAMS 0x000000008c300000, 0x000000008c300000| Untracked 
| 116|0x000000008c400000, 0x000000008c400000, 0x000000008c500000|  0%| F|  |TAMS 0x000000008c400000, 0x000000008c400000| Untracked 
| 117|0x000000008c500000, 0x000000008c500000, 0x000000008c600000|  0%| F|  |TAMS 0x000000008c500000, 0x000000008c500000| Untracked 
| 118|0x000000008c600000, 0x000000008c600000, 0x000000008c700000|  0%| F|  |TAMS 0x000000008c600000, 0x000000008c600000| Untracked 
| 119|0x000000008c700000, 0x000000008c700000, 0x000000008c800000|  0%| F|  |TAMS 0x000000008c700000, 0x000000008c700000| Untracked 
| 120|0x000000008c800000, 0x000000008c800000, 0x000000008c900000|  0%| F|  |TAMS 0x000000008c800000, 0x000000008c800000| Untracked 
| 121|0x000000008c900000, 0x000000008c900000, 0x000000008ca00000|  0%| F|  |TAMS 0x000000008c900000, 0x000000008c900000| Untracked 
| 122|0x000000008ca00000, 0x000000008ca00000, 0x000000008cb00000|  0%| F|  |TAMS 0x000000008ca00000, 0x000000008ca00000| Untracked 
| 123|0x000000008cb00000, 0x000000008cb00000, 0x000000008cc00000|  0%| F|  |TAMS 0x000000008cb00000, 0x000000008cb00000| Untracked 
| 124|0x000000008cc00000, 0x000000008cc00000, 0x000000008cd00000|  0%| F|  |TAMS 0x000000008cc00000, 0x000000008cc00000| Untracked 
| 125|0x000000008cd00000, 0x000000008ce00000, 0x000000008ce00000|100%| O|  |TAMS 0x000000008cd00000, 0x000000008cd00000| Untracked 
| 126|0x000000008ce00000, 0x000000008ce00000, 0x000000008cf00000|  0%| F|  |TAMS 0x000000008ce00000, 0x000000008ce00000| Untracked 
| 127|0x000000008cf00000, 0x000000008cf00000, 0x000000008d000000|  0%| F|  |TAMS 0x000000008cf00000, 0x000000008cf00000| Untracked 
| 128|0x000000008d000000, 0x000000008d100000, 0x000000008d100000|100%| O|  |TAMS 0x000000008d000000, 0x000000008d000000| Untracked 
| 129|0x000000008d100000, 0x000000008d100000, 0x000000008d200000|  0%| F|  |TAMS 0x000000008d100000, 0x000000008d100000| Untracked 
| 130|0x000000008d200000, 0x000000008d200000, 0x000000008d300000|  0%| F|  |TAMS 0x000000008d200000, 0x000000008d200000| Untracked 
| 131|0x000000008d300000, 0x000000008d300000, 0x000000008d400000|  0%| F|  |TAMS 0x000000008d300000, 0x000000008d300000| Untracked 
| 132|0x000000008d400000, 0x000000008d400000, 0x000000008d500000|  0%| F|  |TAMS 0x000000008d400000, 0x000000008d400000| Untracked 
| 133|0x000000008d500000, 0x000000008d500000, 0x000000008d600000|  0%| F|  |TAMS 0x000000008d500000, 0x000000008d500000| Untracked 
| 134|0x000000008d600000, 0x000000008d600000, 0x000000008d700000|  0%| F|  |TAMS 0x000000008d600000, 0x000000008d600000| Untracked 
| 135|0x000000008d700000, 0x000000008d700000, 0x000000008d800000|  0%| F|  |TAMS 0x000000008d700000, 0x000000008d700000| Untracked 
| 136|0x000000008d800000, 0x000000008d800000, 0x000000008d900000|  0%| F|  |TAMS 0x000000008d800000, 0x000000008d800000| Untracked 
| 137|0x000000008d900000, 0x000000008d900000, 0x000000008da00000|  0%| F|  |TAMS 0x000000008d900000, 0x000000008d900000| Untracked 
| 138|0x000000008da00000, 0x000000008da00000, 0x000000008db00000|  0%| F|  |TAMS 0x000000008da00000, 0x000000008da00000| Untracked 
| 139|0x000000008db00000, 0x000000008db00000, 0x000000008dc00000|  0%| F|  |TAMS 0x000000008db00000, 0x000000008db00000| Untracked 
| 140|0x000000008dc00000, 0x000000008dc00000, 0x000000008dd00000|  0%| F|  |TAMS 0x000000008dc00000, 0x000000008dc00000| Untracked 
| 141|0x000000008dd00000, 0x000000008dd00000, 0x000000008de00000|  0%| F|  |TAMS 0x000000008dd00000, 0x000000008dd00000| Untracked 
| 142|0x000000008de00000, 0x000000008de00000, 0x000000008df00000|  0%| F|  |TAMS 0x000000008de00000, 0x000000008de00000| Untracked 
| 143|0x000000008df00000, 0x000000008df00000, 0x000000008e000000|  0%| F|  |TAMS 0x000000008df00000, 0x000000008df00000| Untracked 
| 144|0x000000008e000000, 0x000000008e000000, 0x000000008e100000|  0%| F|  |TAMS 0x000000008e000000, 0x000000008e000000| Untracked 
| 145|0x000000008e100000, 0x000000008e100000, 0x000000008e200000|  0%| F|  |TAMS 0x000000008e100000, 0x000000008e100000| Untracked 
| 146|0x000000008e200000, 0x000000008e300000, 0x000000008e300000|100%| E|  |TAMS 0x000000008e200000, 0x000000008e200000| Complete 
| 147|0x000000008e300000, 0x000000008e400000, 0x000000008e400000|100%| E|CS|TAMS 0x000000008e300000, 0x000000008e300000| Complete 
| 148|0x000000008e400000, 0x000000008e500000, 0x000000008e500000|100%| E|CS|TAMS 0x000000008e400000, 0x000000008e400000| Complete 
| 149|0x000000008e500000, 0x000000008e600000, 0x000000008e600000|100%| E|CS|TAMS 0x000000008e500000, 0x000000008e500000| Complete 
| 150|0x000000008e600000, 0x000000008e700000, 0x000000008e700000|100%| E|CS|TAMS 0x000000008e600000, 0x000000008e600000| Complete 
| 151|0x000000008e700000, 0x000000008e800000, 0x000000008e800000|100%| E|CS|TAMS 0x000000008e700000, 0x000000008e700000| Complete 
| 152|0x000000008e800000, 0x000000008e900000, 0x000000008e900000|100%| E|CS|TAMS 0x000000008e800000, 0x000000008e800000| Complete 
| 153|0x000000008e900000, 0x000000008ea00000, 0x000000008ea00000|100%| E|CS|TAMS 0x000000008e900000, 0x000000008e900000| Complete 
| 154|0x000000008ea00000, 0x000000008eb00000, 0x000000008eb00000|100%| E|CS|TAMS 0x000000008ea00000, 0x000000008ea00000| Complete 
| 155|0x000000008eb00000, 0x000000008ec00000, 0x000000008ec00000|100%| E|CS|TAMS 0x000000008eb00000, 0x000000008eb00000| Complete 
| 156|0x000000008ec00000, 0x000000008ed00000, 0x000000008ed00000|100%| E|CS|TAMS 0x000000008ec00000, 0x000000008ec00000| Complete 
| 157|0x000000008ed00000, 0x000000008ee00000, 0x000000008ee00000|100%| E|CS|TAMS 0x000000008ed00000, 0x000000008ed00000| Complete 
| 158|0x000000008ee00000, 0x000000008ef00000, 0x000000008ef00000|100%| E|  |TAMS 0x000000008ee00000, 0x000000008ee00000| Complete 
| 159|0x000000008ef00000, 0x000000008f000000, 0x000000008f000000|100%| E|CS|TAMS 0x000000008ef00000, 0x000000008ef00000| Complete 
| 160|0x000000008f000000, 0x000000008f100000, 0x000000008f100000|100%| E|CS|TAMS 0x000000008f000000, 0x000000008f000000| Complete 
| 161|0x000000008f100000, 0x000000008f200000, 0x000000008f200000|100%| E|CS|TAMS 0x000000008f100000, 0x000000008f100000| Complete 
| 162|0x000000008f200000, 0x000000008f300000, 0x000000008f300000|100%| E|CS|TAMS 0x000000008f200000, 0x000000008f200000| Complete 
|1966|0x00000000ffe00000, 0x00000000ffe47000, 0x00000000fff00000| 27%|OA|  |TAMS 0x00000000ffe00000, 0x00000000ffe00000| Untracked 
|1967|0x00000000fff00000, 0x00000000fff6b000, 0x0000000100000000| 41%|CA|  |TAMS 0x00000000fff00000, 0x00000000fff00000| Untracked 

Card table byte_map: [0x00007ff07c47e000,0x00007ff07c856000] _byte_map_base: 0x00007ff07c056000

Marking Bits (Prev, Next): (CMBitMap*) 0x00007ff078056408, (CMBitMap*) 0x00007ff078056440
 Prev Bits: [0x00007ff05a140000, 0x00007ff05c000000)
 Next Bits: [0x00007ff058280000, 0x00007ff05a140000)

Polling page: 0x00007ff07ecb1000

Metaspace:

Usage:
  Non-class:     15.51 MB capacity,    14.78 MB ( 95%) used,   726.54 KB (  5%) free+waste,    24.31 KB ( <1%) overhead. 
      Class:      2.03 MB capacity,     1.80 MB ( 89%) used,   225.87 KB ( 11%) free+waste,    11.12 KB ( <1%) overhead. 
       Both:     17.54 MB capacity,    16.57 MB ( 94%) used,   952.41 KB (  5%) free+waste,    35.44 KB ( <1%) overhead. 

Virtual space:
  Non-class space:       16.00 MB reserved,      15.75 MB ( 98%) committed 
      Class space:        1.00 GB reserved,       2.12 MB ( <1%) committed 
             Both:        1.02 GB reserved,      17.88 MB (  2%) committed 

Chunk freelists:
   Non-Class:  0 bytes
       Class:  2.00 KB
        Both:  2.00 KB

MaxMetaspaceSize: unlimited
CompressedClassSpaceSize: 1.00 GB

CodeHeap 'non-profiled nmethods': size=120032Kb used=1922Kb max_used=1922Kb free=118109Kb
 bounds [0x00007ff068340000, 0x00007ff0685b0000, 0x00007ff06f878000]
CodeHeap 'profiled nmethods': size=120032Kb used=8860Kb max_used=8860Kb free=111171Kb
 bounds [0x00007ff060e08000, 0x00007ff0616b8000, 0x00007ff068340000]
CodeHeap 'non-nmethods': size=5696Kb used=1125Kb max_used=1167Kb free=4570Kb
 bounds [0x00007ff060878000, 0x00007ff060ae8000, 0x00007ff060e08000]
 total_blobs=4366 nmethods=3910 adapters=368
 compilation: enabled
              stopped_count=0, restarted_count=0
 full_count=0

Compilation events (20 events):
Event: 5.263 Thread 0x00007ff07811d000 3920       3       sun.invoke.util.Wrapper::isDoubleWord (15 bytes)
Event: 5.263 Thread 0x00007ff07811d000 nmethod 3920 0x00007ff0616ace90 code [0x00007ff0616ad040, 0x00007ff0616ad1b0]
Event: 5.264 Thread 0x00007ff07811d000 3923       3       java.lang.invoke.MemberName::flagsMods (72 bytes)
Event: 5.264 Thread 0x00007ff07811d000 nmethod 3923 0x00007ff0616ad210 code [0x00007ff0616ad3c0, 0x00007ff0616ad4d0]
Event: 5.264 Thread 0x00007ff07811d000 3924       3       java.lang.invoke.MemberName::init (66 bytes)
Event: 5.264 Thread 0x00007ff07811d000 nmethod 3924 0x00007ff0616ad590 code [0x00007ff0616ad740, 0x00007ff0616ad990]
Event: 5.279 Thread 0x00007ff02c21d800 nmethod 3837 0x00007ff068515590 code [0x00007ff068515780, 0x00007ff068516408]
Event: 5.279 Thread 0x00007ff02c21d800 3594       4       java.util.HashMap::afterNodeRemoval (1 bytes)
Event: 5.279 Thread 0x00007ff02c21d800 nmethod 3594 0x00007ff068516b90 code [0x00007ff068516d20, 0x00007ff068516d98]
Event: 5.279 Thread 0x00007ff02c21d800 3838       4       jdk.internal.loader.URLClassPath$JarLoader$2::getCodeSigners (8 bytes)
Event: 5.279 Thread 0x00007ff02c21d800 nmethod 3838 0x00007ff068516e10 code [0x00007ff068516fa0, 0x00007ff068517038]
Event: 5.325 Thread 0x00007ff07811a800 nmethod 3788 0x00007ff068517110 code [0x00007ff068517600, 0x00007ff06851c1d8]
Event: 8225.244 Thread 0x00007ff07811d000 3928   !   3       java.lang.ref.ReferenceQueue::remove (125 bytes)
Event: 8225.249 Thread 0x00007ff07811d000 nmethod 3928 0x00007ff0616ada10 code [0x00007ff0616adc40, 0x00007ff0616ae4b0]
Event: 8285.244 Thread 0x00007ff07811d000 3929   !   3       jdk.internal.ref.PhantomCleanable::isListEmpty (34 bytes)
Event: 8285.244 Thread 0x00007ff07811d000 nmethod 3929 0x00007ff0616ae810 code [0x00007ff0616ae9c0, 0x00007ff0616aed10]
Event: 8285.245 Thread 0x00007ff07811d000 3930       3       jdk.internal.misc.InnocuousThread::eraseThreadLocals (23 bytes)
Event: 8285.245 Thread 0x00007ff07811d000 nmethod 3930 0x00007ff0616aee10 code [0x00007ff0616aefc0, 0x00007ff0616af1b0]
Event: 19812.426 Thread 0x00007ff07811d000 3932       1       java.util.concurrent.CopyOnWriteArrayList::getArray (5 bytes)
Event: 19812.426 Thread 0x00007ff07811d000 nmethod 3932 0x00007ff068520710 code [0x00007ff0685208c0, 0x00007ff068520990]

GC Heap History (12 events):
Event: 1.100 GC heap before
{Heap before GC invocations=0 (full 0):
 garbage-first heap   total 129024K, used 14024K [0x0000000085000000, 0x0000000100000000)
  region size 1024K, 14 young (14336K), 0 survivors (0K)
 Metaspace       used 4129K, capacity 7153K, committed 7296K, reserved 1056768K
  class space    used 456K, capacity 792K, committed 896K, reserved 1048576K
}
Event: 1.113 GC heap after
{Heap after GC invocations=1 (full 0):
 garbage-first heap   total 129024K, used 3290K [0x0000000085000000, 0x0000000100000000)
  region size 1024K, 2 young (2048K), 2 survivors (2048K)
 Metaspace       used 4129K, capacity 7153K, committed 7296K, reserved 1056768K
  class space    used 456K, capacity 792K, committed 896K, reserved 1048576K
}
Event: 1.380 GC heap before
{Heap before GC invocations=1 (full 0):
 garbage-first heap   total 129024K, used 15578K [0x0000000085000000, 0x0000000100000000)
  region size 1024K, 14 young (14336K), 2 survivors (2048K)
 Metaspace       used 5424K, capacity 7998K, committed 8192K, reserved 1056768K
  class space    used 641K, capacity 924K, committed 1024K, reserved 1048576K
}
Event: 1.389 GC heap after
{Heap after GC invocations=2 (full 0):
 garbage-first heap   total 129024K, used 3926K [0x0000000085000000, 0x0000000100000000)
  region size 1024K, 1 young (1024K), 1 survivors (1024K)
 Metaspace       used 5424K, capacity 7998K, committed 8192K, reserved 1056768K
  class space    used 641K, capacity 924K, committed 1024K, reserved 1048576K
}
Event: 2.252 GC heap before
{Heap before GC invocations=2 (full 0):
 garbage-first heap   total 129024K, used 35670K [0x0000000085000000, 0x0000000100000000)
  region size 1024K, 32 young (32768K), 1 survivors (1024K)
 Metaspace       used 10273K, capacity 12456K, committed 12928K, reserved 1060864K
  class space    used 1274K, capacity 1549K, committed 1664K, reserved 1048576K
}
Event: 2.258 GC heap after
{Heap after GC invocations=3 (full 0):
 garbage-first heap   total 129024K, used 5538K [0x0000000085000000, 0x0000000100000000)
  region size 1024K, 3 young (3072K), 3 survivors (3072K)
 Metaspace       used 10273K, capacity 12456K, committed 12928K, reserved 1060864K
  class space    used 1274K, capacity 1549K, committed 1664K, reserved 1048576K
}
Event: 3.473 GC heap before
{Heap before GC invocations=3 (full 0):
 garbage-first heap   total 129024K, used 57762K [0x0000000085000000, 0x0000000100000000)
  region size 1024K, 54 young (55296K), 3 survivors (3072K)
 Metaspace       used 13308K, capacity 14934K, committed 15104K, reserved 1062912K
  class space    used 1539K, capacity 1767K, committed 1792K, reserved 1048576K
}
Event: 3.493 GC heap after
{Heap after GC invocations=4 (full 0):
 garbage-first heap   total 129024K, used 10822K [0x0000000085000000, 0x0000000100000000)
  region size 1024K, 7 young (7168K), 7 survivors (7168K)
 Metaspace       used 13308K, capacity 14934K, committed 15104K, reserved 1062912K
  class space    used 1539K, capacity 1767K, committed 1792K, reserved 1048576K
}
Event: 4.507 GC heap before
{Heap before GC invocations=4 (full 0):
 garbage-first heap   total 129024K, used 127558K [0x0000000085000000, 0x0000000100000000)
  region size 1024K, 73 young (74752K), 7 survivors (7168K)
 Metaspace       used 15006K, capacity 16382K, committed 16512K, reserved 1064960K
  class space    used 1664K, capacity 1908K, committed 1920K, reserved 1048576K
}
Event: 4.531 GC heap after
{Heap after GC invocations=5 (full 0):
 garbage-first heap   total 168960K, used 14369K [0x0000000085000000, 0x0000000100000000)
  region size 1024K, 9 young (9216K), 9 survivors (9216K)
 Metaspace       used 15006K, capacity 16382K, committed 16512K, reserved 1064960K
  class space    used 1664K, capacity 1908K, committed 1920K, reserved 1048576K
}
Event: 5.201 GC heap before
{Heap before GC invocations=5 (full 0):
 garbage-first heap   total 168960K, used 93217K [0x0000000085000000, 0x0000000100000000)
  region size 1024K, 86 young (88064K), 9 survivors (9216K)
 Metaspace       used 16624K, capacity 17853K, committed 18048K, reserved 1064960K
  class space    used 1800K, capacity 2061K, committed 2176K, reserved 1048576K
}
Event: 5.216 GC heap after
{Heap after GC invocations=6 (full 0):
 garbage-first heap   total 168960K, used 19048K [0x0000000085000000, 0x0000000100000000)
  region size 1024K, 8 young (8192K), 8 survivors (8192K)
 Metaspace       used 16624K, capacity 17853K, committed 18048K, reserved 1064960K
  class space    used 1800K, capacity 2061K, committed 2176K, reserved 1048576K
}

Deoptimization events (20 events):
Event: 5.178 Thread 0x00007ff078016800 DEOPT PACKING pc=0x00007ff0684e936c sp=0x00007ff07d47f420
Event: 5.178 Thread 0x00007ff078016800 DEOPT UNPACKING pc=0x00007ff06089d925 sp=0x00007ff07d47f3e0 mode 2
Event: 5.237 Thread 0x00007ff078016800 DEOPT PACKING pc=0x00007ff0616707ee sp=0x00007ff07d47efd0
Event: 5.237 Thread 0x00007ff078016800 DEOPT UNPACKING pc=0x00007ff06089e0ca sp=0x00007ff07d47e5b8 mode 0
Event: 5.249 Thread 0x00007ff078016800 Uncommon trap: trap_request=0xffffffde fr.pc=0x00007ff068440420 relative=0x0000000000000080
Event: 5.249 Thread 0x00007ff078016800 Uncommon trap: reason=class_check action=maybe_recompile pc=0x00007ff068440420 method=java.util.Collections$UnmodifiableMap$UnmodifiableEntrySet$1.hasNext()Z @ 4 c2
Event: 5.249 Thread 0x00007ff078016800 DEOPT PACKING pc=0x00007ff068440420 sp=0x00007ff07d47f560
Event: 5.249 Thread 0x00007ff078016800 DEOPT UNPACKING pc=0x00007ff06089d925 sp=0x00007ff07d47f510 mode 2
Event: 5.271 Thread 0x00007ff078016800 Uncommon trap: trap_request=0xffffffde fr.pc=0x00007ff0684a88d0 relative=0x0000000000000490
Event: 5.271 Thread 0x00007ff078016800 Uncommon trap: reason=class_check action=maybe_recompile pc=0x00007ff0684a88d0 method=java.util.Hashtable.get(Ljava/lang/Object;)Ljava/lang/Object; @ 6 c2
Event: 5.271 Thread 0x00007ff078016800 DEOPT PACKING pc=0x00007ff0684a88d0 sp=0x00007ff07d47f400
Event: 5.271 Thread 0x00007ff078016800 DEOPT UNPACKING pc=0x00007ff06089d925 sp=0x00007ff07d47f3b0 mode 2
Event: 19812.416 Thread 0x00007ff078116800 Uncommon trap: trap_request=0xffffffde fr.pc=0x00007ff0684a88d0 relative=0x0000000000000490
Event: 19812.416 Thread 0x00007ff078116800 Uncommon trap: reason=class_check action=maybe_recompile pc=0x00007ff0684a88d0 method=java.util.Hashtable.get(Ljava/lang/Object;)Ljava/lang/Object; @ 6 c2
Event: 19812.416 Thread 0x00007ff078116800 DEOPT PACKING pc=0x00007ff0684a88d0 sp=0x00007ff05108c860
Event: 19812.416 Thread 0x00007ff078116800 DEOPT UNPACKING pc=0x00007ff06089d925 sp=0x00007ff05108c810 mode 2
Event: 19812.417 Thread 0x00007ff078116800 Uncommon trap: trap_request=0xffffffde fr.pc=0x00007ff0684a88d0 relative=0x0000000000000490
Event: 19812.417 Thread 0x00007ff078116800 Uncommon trap: reason=class_check action=maybe_recompile pc=0x00007ff0684a88d0 method=java.util.Hashtable.get(Ljava/lang/Object;)Ljava/lang/Object; @ 6 c2
Event: 19812.417 Thread 0x00007ff078116800 DEOPT PACKING pc=0x00007ff0684a88d0 sp=0x00007ff05108c860
Event: 19812.417 Thread 0x00007ff078116800 DEOPT UNPACKING pc=0x00007ff06089d925 sp=0x00007ff05108c810 mode 2

Classes redefined (0 events):
No events

Internal exceptions (19 events):
Event: 0.440 Thread 0x00007ff078016800 Exception <a 'java/lang/NoSuchMethodError'{0x000000008c9ae100}: 'int java.lang.invoke.DirectMethodHandle$Holder.invokeSpecialIFC(java.lang.Object, java.lang.Object, int)'> (0x000000008c9ae100) thrown at [src/hotspot/share/interpreter/linkResolver.cpp, line 772]
Event: 0.535 Thread 0x00007ff078016800 Exception <a 'java/security/PrivilegedActionException'{0x000000008c8dfbf0}> (0x000000008c8dfbf0) thrown at [src/hotspot/share/prims/jvm.cpp, line 1304]
Event: 0.535 Thread 0x00007ff078016800 Exception <a 'java/security/PrivilegedActionException'{0x000000008c8dfec0}> (0x000000008c8dfec0) thrown at [src/hotspot/share/prims/jvm.cpp, line 1304]
Event: 2.242 Thread 0x00007ff078016800 Exception <a 'java/lang/NoClassDefFoundError'{0x000000008acca2d0}: com/google/inject/servlet/ServletModuleTargetVisitor> (0x000000008acca2d0) thrown at [src/hotspot/share/classfile/systemDictionary.cpp, line 220]
Event: 2.242 Thread 0x00007ff078016800 Exception <a 'java/lang/NoClassDefFoundError'{0x000000008acca2d0}> (0x000000008acca2d0) thrown at [src/hotspot/share/prims/jvm.cpp, line 1310]
Event: 2.242 Thread 0x00007ff078016800 Exception <a 'java/lang/NoClassDefFoundError'{0x000000008accd188}: javax/annotation/Priority> (0x000000008accd188) thrown at [src/hotspot/share/classfile/systemDictionary.cpp, line 220]
Event: 2.546 Thread 0x00007ff078016800 Implicit null exception at 0x00007ff06836d684 to 0x00007ff06836db74
Event: 2.546 Thread 0x00007ff078016800 Implicit null exception at 0x00007ff068362a04 to 0x00007ff068362f18
Event: 3.158 Thread 0x00007ff078016800 Implicit null exception at 0x00007ff0684339cb to 0x00007ff068434180
Event: 3.158 Thread 0x00007ff078016800 Implicit null exception at 0x00007ff068398285 to 0x00007ff068398458
Event: 3.158 Thread 0x00007ff078016800 Implicit null exception at 0x00007ff0683ada4b to 0x00007ff0683ae100
Event: 5.127 Thread 0x00007ff078016800 Exception <a 'java/lang/NoClassDefFoundError'{0x000000008b8b61d8}: org/sonatype/aether/graph/Dependency> (0x000000008b8b61d8) thrown at [src/hotspot/share/classfile/systemDictionary.cpp, line 220]
Event: 5.153 Thread 0x00007ff078016800 Exception <a 'java/lang/NoSuchMethodError'{0x000000008b7cc1c0}: 'int java.lang.invoke.DirectMethodHandle$Holder.invokeStaticInit(java.lang.Object, java.lang.Object)'> (0x000000008b7cc1c0) thrown at [src/hotspot/share/interpreter/linkResolver.cpp, line 772]
Event: 5.258 Thread 0x00007ff078016800 Exception <a 'java/lang/NoSuchMethodError'{0x000000008e321808}: 'java.lang.Object java.lang.invoke.DirectMethodHandle$Holder.invokeStaticInit(java.lang.Object, java.lang.Object, long, java.lang.Object)'> (0x000000008e321808) thrown at [src/hotspot/share/interpreter/linkResolver.cpp, line 772]
Event: 5.259 Thread 0x00007ff078016800 Exception <a 'java/lang/NoSuchMethodError'{0x000000008e32d968}: 'java.lang.Object java.lang.invoke.Invokers$Holder.linkToTargetMethod(java.lang.Object, long, java.lang.Object)'> (0x000000008e32d968) thrown at [src/hotspot/share/interpreter/linkResolver.cpp, line 772]
Event: 5.262 Thread 0x00007ff078016800 Exception <a 'java/lang/NoSuchMethodError'{0x000000008e334888}: 'java.lang.Object java.lang.invoke.DirectMethodHandle$Holder.invokeStatic(java.lang.Object, java.lang.Object, java.lang.Object, int)'> (0x000000008e334888) thrown at [src/hotspot/share/interpreter/linkResolver.cpp, line 772]
Event: 5.263 Thread 0x00007ff078016800 Exception <a 'java/lang/NoSuchMethodError'{0x000000008e338500}: 'java.lang.Object java.lang.invoke.DirectMethodHandle$Holder.invokeSpecial(java.lang.Object, java.lang.Object, java.lang.Object, java.lang.Object, int)'> (0x000000008e338500) thrown at [src/hotspot/share/interpreter/linkResolver.cpp, line 772]
Event: 5.263 Thread 0x00007ff078016800 Exception <a 'java/lang/NoSuchMethodError'{0x000000008e33b998}: 'java.lang.Object java.lang.invoke.Invokers$Holder.linkToTargetMethod(java.lang.Object, java.lang.Object, int, java.lang.Object)'> (0x000000008e33b998) thrown at [src/hotspot/share/interpreter/linkResolver.cpp, line 772]
Event: 5.269 Thread 0x00007ff078016800 Exception <a 'java/lang/NoSuchMethodError'{0x000000008e3487c0}: 'int java.lang.invoke.DirectMethodHandle$Holder.invokeVirtual(java.lang.Object, java.lang.Object)'> (0x000000008e3487c0) thrown at [src/hotspot/share/interpreter/linkResolver.cpp, line 772]

Events (20 events):
Event: 19812.420 Executing VM operation: RevokeBias
Event: 19812.420 Executing VM operation: RevokeBias done
Event: 19812.420 Executing VM operation: RevokeBias
Event: 19812.420 Executing VM operation: RevokeBias done
Event: 19812.424 Executing VM operation: RevokeBias
Event: 19812.424 Executing VM operation: RevokeBias done
Event: 19812.424 Executing VM operation: RevokeBias
Event: 19812.424 Executing VM operation: RevokeBias done
Event: 19812.427 Thread 0x00007ff01409a000 Thread exited: 0x00007ff01409a000
Event: 19812.818 loading class java/lang/ProcessImpl$ProcessPipeInputStream
Event: 19812.818 Thread 0x00007ff014438000 Thread exited: 0x00007ff014438000
Event: 19812.818 loading class java/lang/ProcessImpl$ProcessPipeInputStream done
Event: 19812.818 Executing VM operation: Deoptimize
Event: 19812.819 Executing VM operation: Deoptimize done
Event: 19812.819 loading class java/lang/ProcessImpl$ProcessPipeOutputStream
Event: 19812.819 loading class java/lang/ProcessImpl$ProcessPipeOutputStream done
Event: 19812.819 Executing VM operation: Deoptimize
Event: 19812.819 Executing VM operation: Deoptimize done
Event: 19812.820 Thread 0x00007ff078116800 Thread exited: 0x00007ff078116800
Event: 19812.820 Executing VM operation: Exit


Dynamic libraries:
85000000-8f300000 rw-p 00000000 00:00 0 
8f300000-ffe00000 ---p 00000000 00:00 0 
ffe00000-ffe47000 rw-p 01111000 08:02 1439008                            /usr/lib/jvm/java-11-openjdk-amd64/lib/server/classes.jsa
ffe47000-fff00000 rw-p 00000000 00:00 0 
fff00000-fff6b000 rw-p 010a6000 08:02 1439008                            /usr/lib/jvm/java-11-openjdk-amd64/lib/server/classes.jsa
fff6b000-100000000 rw-p 00000000 00:00 0 
800000000-800002000 rwxp 00001000 08:02 1439008                          /usr/lib/jvm/java-11-openjdk-amd64/lib/server/classes.jsa
800002000-8003b9000 rw-p 00003000 08:02 1439008                          /usr/lib/jvm/java-11-openjdk-amd64/lib/server/classes.jsa
8003b9000-800a96000 r--p 003ba000 08:02 1439008                          /usr/lib/jvm/java-11-openjdk-amd64/lib/server/classes.jsa
800a96000-800a97000 rw-p 00a97000 08:02 1439008                          /usr/lib/jvm/java-11-openjdk-amd64/lib/server/classes.jsa
800a97000-8010a5000 r--p 00a98000 08:02 1439008                          /usr/lib/jvm/java-11-openjdk-amd64/lib/server/classes.jsa
840000000-840220000 rw-p 00000000 00:00 0 
840220000-880000000 ---p 00000000 00:00 0 
55830c959000-55830c95a000 r--p 00000000 08:02 1440355                    /usr/lib/jvm/java-11-openjdk-amd64/bin/java
55830c95a000-55830c95b000 r-xp 00001000 08:02 1440355                    /usr/lib/jvm/java-11-openjdk-amd64/bin/java
55830c95b000-55830c95c000 r--p 00002000 08:02 1440355                    /usr/lib/jvm/java-11-openjdk-amd64/bin/java
55830c95c000-55830c95d000 r--p 00002000 08:02 1440355                    /usr/lib/jvm/java-11-openjdk-amd64/bin/java
55830c95d000-55830c95e000 rw-p 00003000 08:02 1440355                    /usr/lib/jvm/java-11-openjdk-amd64/bin/java
55830dab6000-55830dad7000 rw-p 00000000 00:00 0                          [heap]
7feff8000000-7feff8021000 rw-p 00000000 00:00 0 
7feff8021000-7feffc000000 ---p 00000000 00:00 0 
7ff000000000-7ff000021000 rw-p 00000000 00:00 0 
7ff000021000-7ff004000000 ---p 00000000 00:00 0 
7ff004000000-7ff004021000 rw-p 00000000 00:00 0 
7ff004021000-7ff008000000 ---p 00000000 00:00 0 
7ff008000000-7ff008021000 rw-p 00000000 00:00 0 
7ff008021000-7ff00c000000 ---p 00000000 00:00 0 
7ff00f8fd000-7ff00f901000 ---p 00000000 00:00 0 
7ff00f901000-7ff00f9fe000 rw-p 00000000 00:00 0 
7ff00f9fe000-7ff00fa02000 ---p 00000000 00:00 0 
7ff00fa02000-7ff00faff000 rw-p 00000000 00:00 0 
7ff00faff000-7ff00fb03000 ---p 00000000 00:00 0 
7ff00fb03000-7ff00fdc0000 rw-p 00000000 00:00 0 
7ff00fdc0000-7ff00fe00000 ---p 00000000 00:00 0 
7ff00fe00000-7ff010000000 rw-p 00000000 00:00 0 
7ff010000000-7ff010021000 rw-p 00000000 00:00 0 
7ff010021000-7ff014000000 ---p 00000000 00:00 0 
7ff014000000-7ff014cc3000 rw-p 00000000 00:00 0 
7ff014cc3000-7ff018000000 ---p 00000000 00:00 0 
7ff018000000-7ff018021000 rw-p 00000000 00:00 0 
7ff018021000-7ff01c000000 ---p 00000000 00:00 0 
7ff01c000000-7ff01c021000 rw-p 00000000 00:00 0 
7ff01c021000-7ff020000000 ---p 00000000 00:00 0 
7ff020000000-7ff020021000 rw-p 00000000 00:00 0 
7ff020021000-7ff024000000 ---p 00000000 00:00 0 
7ff024000000-7ff024021000 rw-p 00000000 00:00 0 
7ff024021000-7ff028000000 ---p 00000000 00:00 0 
7ff028000000-7ff028ece000 rw-p 00000000 00:00 0 
7ff028ece000-7ff02c000000 ---p 00000000 00:00 0 
7ff02c000000-7ff02c7f8000 rw-p 00000000 00:00 0 
7ff02c7f8000-7ff030000000 ---p 00000000 00:00 0 
7ff030000000-7ff030021000 rw-p 00000000 00:00 0 
7ff030021000-7ff034000000 ---p 00000000 00:00 0 
7ff034000000-7ff034021000 rw-p 00000000 00:00 0 
7ff034021000-7ff038000000 ---p 00000000 00:00 0 
7ff038000000-7ff038021000 rw-p 00000000 00:00 0 
7ff038021000-7ff03c000000 ---p 00000000 00:00 0 
7ff03c000000-7ff03c021000 rw-p 00000000 00:00 0 
7ff03c021000-7ff040000000 ---p 00000000 00:00 0 
7ff040000000-7ff040021000 rw-p 00000000 00:00 0 
7ff040021000-7ff044000000 ---p 00000000 00:00 0 
7ff044000000-7ff044028000 rw-p 00000000 00:00 0 
7ff044028000-7ff048000000 ---p 00000000 00:00 0 
7ff048000000-7ff048021000 rw-p 00000000 00:00 0 
7ff048021000-7ff04c000000 ---p 00000000 00:00 0 
7ff04c000000-7ff04c021000 rw-p 00000000 00:00 0 
7ff04c021000-7ff050000000 ---p 00000000 00:00 0 
7ff05007e000-7ff05027e000 rw-p 00000000 00:00 0 
7ff05027e000-7ff05047e000 rw-p 00000000 00:00 0 
7ff05047e000-7ff050482000 ---p 00000000 00:00 0 
7ff050482000-7ff05057f000 rw-p 00000000 00:00 0 
7ff05057f000-7ff050580000 ---p 00000000 00:00 0 
7ff050580000-7ff050681000 rw-p 00000000 00:00 0 
7ff050681000-7ff050682000 ---p 00000000 00:00 0 
7ff050682000-7ff050783000 rw-p 00000000 00:00 0 
7ff050783000-7ff050786000 r-xp 00000000 b3:01 10845                      /Programs/netbeans-12.4/netbeans/java/maven/lib/jansi-native/linux64/libjansi.so
7ff050786000-7ff050985000 ---p 00003000 b3:01 10845                      /Programs/netbeans-12.4/netbeans/java/maven/lib/jansi-native/linux64/libjansi.so
7ff050985000-7ff050986000 rw-p 00002000 b3:01 10845                      /Programs/netbeans-12.4/netbeans/java/maven/lib/jansi-native/linux64/libjansi.so
7ff050986000-7ff05098a000 ---p 00000000 00:00 0 
7ff05098a000-7ff050a87000 rw-p 00000000 00:00 0 
7ff050a87000-7ff050a88000 ---p 00000000 00:00 0 
7ff050a88000-7ff050b89000 rw-p 00000000 00:00 0 
7ff050b89000-7ff050b8d000 ---p 00000000 00:00 0 
7ff050b8d000-7ff050c8a000 rw-p 00000000 00:00 0 
7ff050c8a000-7ff050c8e000 ---p 00000000 00:00 0 
7ff050c8e000-7ff050d8b000 rw-p 00000000 00:00 0 
7ff050d8b000-7ff050d8f000 ---p 00000000 00:00 0 
7ff050d8f000-7ff050e8c000 rw-p 00000000 00:00 0 
7ff050e8c000-7ff050e90000 ---p 00000000 00:00 0 
7ff050e90000-7ff050f8d000 rw-p 00000000 00:00 0 
7ff050f8d000-7ff050f91000 ---p 00000000 00:00 0 
7ff050f91000-7ff05108e000 rw-p 00000000 00:00 0 
7ff05108e000-7ff0515fe000 r--p 00000000 08:02 1315225                    /usr/lib/locale/locale-archive
7ff0515fe000-7ff051602000 ---p 00000000 00:00 0 
7ff051602000-7ff0516ff000 rw-p 00000000 00:00 0 
7ff0516ff000-7ff051703000 ---p 00000000 00:00 0 
7ff051703000-7ff054000000 rw-p 00000000 00:00 0 
7ff054000000-7ff054021000 rw-p 00000000 00:00 0 
7ff054021000-7ff058000000 ---p 00000000 00:00 0 
7ff058071000-7ff0580a2000 rw-p 00000000 00:00 0 
7ff0580a2000-7ff0580a3000 ---p 00000000 00:00 0 
7ff0580a3000-7ff05850c000 rw-p 00000000 00:00 0 
7ff05850c000-7ff05a138000 ---p 00000000 00:00 0 
7ff05a138000-7ff05a3cc000 rw-p 00000000 00:00 0 
7ff05a3cc000-7ff05bff8000 ---p 00000000 00:00 0 
7ff05bff8000-7ff05c000000 rw-p 00000000 00:00 0 
7ff05c000000-7ff05c021000 rw-p 00000000 00:00 0 
7ff05c021000-7ff060000000 ---p 00000000 00:00 0 
7ff060009000-7ff06000d000 ---p 00000000 00:00 0 
7ff06000d000-7ff06002b000 rw-p 00000000 00:00 0 
7ff06002b000-7ff06002f000 r--p 00000000 08:02 1443245                    /usr/lib/jvm/java-11-openjdk-amd64/lib/libnet.so
7ff06002f000-7ff06003e000 r-xp 00004000 08:02 1443245                    /usr/lib/jvm/java-11-openjdk-amd64/lib/libnet.so
7ff06003e000-7ff060042000 r--p 00013000 08:02 1443245                    /usr/lib/jvm/java-11-openjdk-amd64/lib/libnet.so
7ff060042000-7ff060043000 r--p 00016000 08:02 1443245                    /usr/lib/jvm/java-11-openjdk-amd64/lib/libnet.so
7ff060043000-7ff060044000 rw-p 00017000 08:02 1443245                    /usr/lib/jvm/java-11-openjdk-amd64/lib/libnet.so
7ff060044000-7ff06006c000 rw-p 00000000 00:00 0 
7ff06006c000-7ff06006d000 ---p 00000000 00:00 0 
7ff06006d000-7ff06016e000 rw-p 00000000 00:00 0 
7ff06016e000-7ff06016f000 ---p 00000000 00:00 0 
7ff06016f000-7ff060674000 rw-p 00000000 00:00 0 
7ff060674000-7ff060675000 ---p 00000000 00:00 0 
7ff060675000-7ff060776000 rw-p 00000000 00:00 0 
7ff060776000-7ff060777000 ---p 00000000 00:00 0 
7ff060777000-7ff060878000 rw-p 00000000 00:00 0 
7ff060878000-7ff060ae8000 rwxp 00000000 00:00 0 
7ff060ae8000-7ff060e08000 ---p 00000000 00:00 0 
7ff060e08000-7ff0616b8000 rwxp 00000000 00:00 0 
7ff0616b8000-7ff068340000 ---p 00000000 00:00 0 
7ff068340000-7ff0685b0000 rwxp 00000000 00:00 0 
7ff0685b0000-7ff06f878000 ---p 00000000 00:00 0 
7ff078000000-7ff0791f7000 rw-p 00000000 00:00 0 
7ff0791f7000-7ff07c000000 ---p 00000000 00:00 0 
7ff07c009000-7ff07c00a000 r--p 00000000 08:02 1312204                    /usr/lib/x86_64-linux-gnu/libutil-2.31.so
7ff07c00a000-7ff07c00b000 r-xp 00001000 08:02 1312204                    /usr/lib/x86_64-linux-gnu/libutil-2.31.so
7ff07c00b000-7ff07c00c000 r--p 00002000 08:02 1312204                    /usr/lib/x86_64-linux-gnu/libutil-2.31.so
7ff07c00c000-7ff07c00d000 r--p 00002000 08:02 1312204                    /usr/lib/x86_64-linux-gnu/libutil-2.31.so
7ff07c00d000-7ff07c00e000 rw-p 00003000 08:02 1312204                    /usr/lib/x86_64-linux-gnu/libutil-2.31.so
7ff07c00e000-7ff07c015000 r--p 00000000 08:02 1443246                    /usr/lib/jvm/java-11-openjdk-amd64/lib/libnio.so
7ff07c015000-7ff07c01d000 r-xp 00007000 08:02 1443246                    /usr/lib/jvm/java-11-openjdk-amd64/lib/libnio.so
7ff07c01d000-7ff07c020000 r--p 0000f000 08:02 1443246                    /usr/lib/jvm/java-11-openjdk-amd64/lib/libnio.so
7ff07c020000-7ff07c021000 r--p 00011000 08:02 1443246                    /usr/lib/jvm/java-11-openjdk-amd64/lib/libnio.so
7ff07c021000-7ff07c022000 rw-p 00012000 08:02 1443246                    /usr/lib/jvm/java-11-openjdk-amd64/lib/libnio.so
7ff07c022000-7ff07c0f8000 rw-p 00000000 00:00 0 
7ff07c0f8000-7ff07c47d000 ---p 00000000 00:00 0 
7ff07c47d000-7ff07c4d0000 rw-p 00000000 00:00 0 
7ff07c4d0000-7ff07c855000 ---p 00000000 00:00 0 
7ff07c855000-7ff07c8a8000 rw-p 00000000 00:00 0 
7ff07c8a8000-7ff07cc2d000 ---p 00000000 00:00 0 
7ff07cc2d000-7ff07d032000 rw-p 00000000 00:00 0 
7ff07d032000-7ff07d033000 ---p 00000000 00:00 0 
7ff07d033000-7ff07d139000 rw-p 00000000 00:00 0 
7ff07d139000-7ff07d21f000 ---p 00000000 00:00 0 
7ff07d21f000-7ff07d231000 rw-p 00000000 00:00 0 
7ff07d231000-7ff07d30a000 ---p 00000000 00:00 0 
7ff07d30a000-7ff07d30f000 rw-p 00000000 00:00 0 
7ff07d30f000-7ff07d316000 ---p 00000000 00:00 0 
7ff07d316000-7ff07d319000 r--p 00000000 08:02 1312195                    /usr/lib/x86_64-linux-gnu/libnss_files-2.31.so
7ff07d319000-7ff07d320000 r-xp 00003000 08:02 1312195                    /usr/lib/x86_64-linux-gnu/libnss_files-2.31.so
7ff07d320000-7ff07d322000 r--p 0000a000 08:02 1312195                    /usr/lib/x86_64-linux-gnu/libnss_files-2.31.so
7ff07d322000-7ff07d323000 r--p 0000b000 08:02 1312195                    /usr/lib/x86_64-linux-gnu/libnss_files-2.31.so
7ff07d323000-7ff07d324000 rw-p 0000c000 08:02 1312195                    /usr/lib/x86_64-linux-gnu/libnss_files-2.31.so
7ff07d324000-7ff07d32a000 rw-p 00000000 00:00 0 
7ff07d32d000-7ff07d32f000 r--p 00000000 08:02 1443254                    /usr/lib/jvm/java-11-openjdk-amd64/lib/libzip.so
7ff07d32f000-7ff07d333000 r-xp 00002000 08:02 1443254                    /usr/lib/jvm/java-11-openjdk-amd64/lib/libzip.so
7ff07d333000-7ff07d335000 r--p 00006000 08:02 1443254                    /usr/lib/jvm/java-11-openjdk-amd64/lib/libzip.so
7ff07d335000-7ff07d336000 r--p 00007000 08:02 1443254                    /usr/lib/jvm/java-11-openjdk-amd64/lib/libzip.so
7ff07d336000-7ff07d337000 rw-p 00008000 08:02 1443254                    /usr/lib/jvm/java-11-openjdk-amd64/lib/libzip.so
7ff07d337000-7ff07d33f000 rw-s 00000000 08:02 1055465                    /tmp/hsperfdata_hoosain/38046 (deleted)
7ff07d33f000-7ff07d341000 r--p 00000000 08:02 1443237                    /usr/lib/jvm/java-11-openjdk-amd64/lib/libjimage.so
7ff07d341000-7ff07d344000 r-xp 00002000 08:02 1443237                    /usr/lib/jvm/java-11-openjdk-amd64/lib/libjimage.so
7ff07d344000-7ff07d345000 r--p 00005000 08:02 1443237                    /usr/lib/jvm/java-11-openjdk-amd64/lib/libjimage.so
7ff07d345000-7ff07d346000 ---p 00006000 08:02 1443237                    /usr/lib/jvm/java-11-openjdk-amd64/lib/libjimage.so
7ff07d346000-7ff07d347000 r--p 00006000 08:02 1443237                    /usr/lib/jvm/java-11-openjdk-amd64/lib/libjimage.so
7ff07d347000-7ff07d348000 rw-p 00007000 08:02 1443237                    /usr/lib/jvm/java-11-openjdk-amd64/lib/libjimage.so
7ff07d348000-7ff07d356000 r--p 00000000 08:02 1443234                    /usr/lib/jvm/java-11-openjdk-amd64/lib/libjava.so
7ff07d356000-7ff07d36c000 r-xp 0000e000 08:02 1443234                    /usr/lib/jvm/java-11-openjdk-amd64/lib/libjava.so
7ff07d36c000-7ff07d373000 r--p 00024000 08:02 1443234                    /usr/lib/jvm/java-11-openjdk-amd64/lib/libjava.so
7ff07d373000-7ff07d374000 r--p 0002a000 08:02 1443234                    /usr/lib/jvm/java-11-openjdk-amd64/lib/libjava.so
7ff07d374000-7ff07d375000 rw-p 0002b000 08:02 1443234                    /usr/lib/jvm/java-11-openjdk-amd64/lib/libjava.so
7ff07d375000-7ff07d376000 rw-p 00000000 00:00 0 
7ff07d376000-7ff07d379000 r--p 00000000 08:02 1312202                    /usr/lib/x86_64-linux-gnu/librt-2.31.so
7ff07d379000-7ff07d37d000 r-xp 00003000 08:02 1312202                    /usr/lib/x86_64-linux-gnu/librt-2.31.so
7ff07d37d000-7ff07d37e000 r--p 00007000 08:02 1312202                    /usr/lib/x86_64-linux-gnu/librt-2.31.so
7ff07d37e000-7ff07d37f000 ---p 00008000 08:02 1312202                    /usr/lib/x86_64-linux-gnu/librt-2.31.so
7ff07d37f000-7ff07d380000 r--p 00008000 08:02 1312202                    /usr/lib/x86_64-linux-gnu/librt-2.31.so
7ff07d380000-7ff07d381000 rw-p 00009000 08:02 1312202                    /usr/lib/x86_64-linux-gnu/librt-2.31.so
7ff07d381000-7ff07d385000 ---p 00000000 00:00 0 
7ff07d385000-7ff07d482000 rw-p 00000000 00:00 0 
7ff07d482000-7ff07d485000 r--p 00000000 08:02 1312171                    /usr/lib/x86_64-linux-gnu/libgcc_s.so.1
7ff07d485000-7ff07d497000 r-xp 00003000 08:02 1312171                    /usr/lib/x86_64-linux-gnu/libgcc_s.so.1
7ff07d497000-7ff07d49b000 r--p 00015000 08:02 1312171                    /usr/lib/x86_64-linux-gnu/libgcc_s.so.1
7ff07d49b000-7ff07d49c000 r--p 00018000 08:02 1312171                    /usr/lib/x86_64-linux-gnu/libgcc_s.so.1
7ff07d49c000-7ff07d49d000 rw-p 00019000 08:02 1312171                    /usr/lib/x86_64-linux-gnu/libgcc_s.so.1
7ff07d49d000-7ff07d4ac000 r--p 00000000 08:02 1312189                    /usr/lib/x86_64-linux-gnu/libm-2.31.so
7ff07d4ac000-7ff07d553000 r-xp 0000f000 08:02 1312189                    /usr/lib/x86_64-linux-gnu/libm-2.31.so
7ff07d553000-7ff07d5ea000 r--p 000b6000 08:02 1312189                    /usr/lib/x86_64-linux-gnu/libm-2.31.so
7ff07d5ea000-7ff07d5eb000 r--p 0014c000 08:02 1312189                    /usr/lib/x86_64-linux-gnu/libm-2.31.so
7ff07d5eb000-7ff07d5ec000 rw-p 0014d000 08:02 1312189                    /usr/lib/x86_64-linux-gnu/libm-2.31.so
7ff07d5ec000-7ff07d682000 r--p 00000000 08:02 1312174                    /usr/lib/x86_64-linux-gnu/libstdc++.so.6.0.28
7ff07d682000-7ff07d773000 r-xp 00096000 08:02 1312174                    /usr/lib/x86_64-linux-gnu/libstdc++.so.6.0.28
7ff07d773000-7ff07d7bc000 r--p 00187000 08:02 1312174                    /usr/lib/x86_64-linux-gnu/libstdc++.so.6.0.28
7ff07d7bc000-7ff07d7bd000 ---p 001d0000 08:02 1312174                    /usr/lib/x86_64-linux-gnu/libstdc++.so.6.0.28
7ff07d7bd000-7ff07d7c8000 r--p 001d0000 08:02 1312174                    /usr/lib/x86_64-linux-gnu/libstdc++.so.6.0.28
7ff07d7c8000-7ff07d7cb000 rw-p 001db000 08:02 1312174                    /usr/lib/x86_64-linux-gnu/libstdc++.so.6.0.28
7ff07d7cb000-7ff07d7ce000 rw-p 00000000 00:00 0 
7ff07d7ce000-7ff07da48000 r--p 00000000 08:02 1443258                    /usr/lib/jvm/java-11-openjdk-amd64/lib/server/libjvm.so
7ff07da48000-7ff07e6cd000 r-xp 0027a000 08:02 1443258                    /usr/lib/jvm/java-11-openjdk-amd64/lib/server/libjvm.so
7ff07e6cd000-7ff07e924000 r--p 00eff000 08:02 1443258                    /usr/lib/jvm/java-11-openjdk-amd64/lib/server/libjvm.so
7ff07e924000-7ff07e9e5000 r--p 01155000 08:02 1443258                    /usr/lib/jvm/java-11-openjdk-amd64/lib/server/libjvm.so
7ff07e9e5000-7ff07ea20000 rw-p 01216000 08:02 1443258                    /usr/lib/jvm/java-11-openjdk-amd64/lib/server/libjvm.so
7ff07ea20000-7ff07ea79000 rw-p 00000000 00:00 0 
7ff07ea79000-7ff07ea80000 r--p 00000000 08:02 1312200                    /usr/lib/x86_64-linux-gnu/libpthread-2.31.so
7ff07ea80000-7ff07ea91000 r-xp 00007000 08:02 1312200                    /usr/lib/x86_64-linux-gnu/libpthread-2.31.so
7ff07ea91000-7ff07ea96000 r--p 00018000 08:02 1312200                    /usr/lib/x86_64-linux-gnu/libpthread-2.31.so
7ff07ea96000-7ff07ea97000 r--p 0001c000 08:02 1312200                    /usr/lib/x86_64-linux-gnu/libpthread-2.31.so
7ff07ea97000-7ff07ea98000 rw-p 0001d000 08:02 1312200                    /usr/lib/x86_64-linux-gnu/libpthread-2.31.so
7ff07ea98000-7ff07ea9c000 rw-p 00000000 00:00 0 
7ff07ea9c000-7ff07ea9d000 r--p 00000000 08:02 1312188                    /usr/lib/x86_64-linux-gnu/libdl-2.31.so
7ff07ea9d000-7ff07ea9f000 r-xp 00001000 08:02 1312188                    /usr/lib/x86_64-linux-gnu/libdl-2.31.so
7ff07ea9f000-7ff07eaa0000 r--p 00003000 08:02 1312188                    /usr/lib/x86_64-linux-gnu/libdl-2.31.so
7ff07eaa0000-7ff07eaa1000 r--p 00003000 08:02 1312188                    /usr/lib/x86_64-linux-gnu/libdl-2.31.so
7ff07eaa1000-7ff07eaa2000 rw-p 00004000 08:02 1312188                    /usr/lib/x86_64-linux-gnu/libdl-2.31.so
7ff07eaa2000-7ff07eaa4000 r--p 00000000 08:02 1317510                    /usr/lib/x86_64-linux-gnu/libz.so.1.2.11
7ff07eaa4000-7ff07eab5000 r-xp 00002000 08:02 1317510                    /usr/lib/x86_64-linux-gnu/libz.so.1.2.11
7ff07eab5000-7ff07eabb000 r--p 00013000 08:02 1317510                    /usr/lib/x86_64-linux-gnu/libz.so.1.2.11
7ff07eabb000-7ff07eabc000 ---p 00019000 08:02 1317510                    /usr/lib/x86_64-linux-gnu/libz.so.1.2.11
7ff07eabc000-7ff07eabd000 r--p 00019000 08:02 1317510                    /usr/lib/x86_64-linux-gnu/libz.so.1.2.11
7ff07eabd000-7ff07eabe000 rw-p 0001a000 08:02 1317510                    /usr/lib/x86_64-linux-gnu/libz.so.1.2.11
7ff07eabe000-7ff07eae3000 r--p 00000000 08:02 1312187                    /usr/lib/x86_64-linux-gnu/libc-2.31.so
7ff07eae3000-7ff07ec5b000 r-xp 00025000 08:02 1312187                    /usr/lib/x86_64-linux-gnu/libc-2.31.so
7ff07ec5b000-7ff07eca5000 r--p 0019d000 08:02 1312187                    /usr/lib/x86_64-linux-gnu/libc-2.31.so
7ff07eca5000-7ff07eca6000 ---p 001e7000 08:02 1312187                    /usr/lib/x86_64-linux-gnu/libc-2.31.so
7ff07eca6000-7ff07eca9000 r--p 001e7000 08:02 1312187                    /usr/lib/x86_64-linux-gnu/libc-2.31.so
7ff07eca9000-7ff07ecac000 rw-p 001ea000 08:02 1312187                    /usr/lib/x86_64-linux-gnu/libc-2.31.so
7ff07ecac000-7ff07ecb0000 rw-p 00000000 00:00 0 
7ff07ecb1000-7ff07ecb2000 ---p 00000000 00:00 0 
7ff07ecb2000-7ff07ecb3000 r--p 00000000 00:00 0 
7ff07ecb3000-7ff07ecb8000 r--p 00000000 08:02 1443253                    /usr/lib/jvm/java-11-openjdk-amd64/lib/libverify.so
7ff07ecb8000-7ff07ecbf000 r-xp 00005000 08:02 1443253                    /usr/lib/jvm/java-11-openjdk-amd64/lib/libverify.so
7ff07ecbf000-7ff07ecc1000 r--p 0000c000 08:02 1443253                    /usr/lib/jvm/java-11-openjdk-amd64/lib/libverify.so
7ff07ecc1000-7ff07ecc2000 ---p 0000e000 08:02 1443253                    /usr/lib/jvm/java-11-openjdk-amd64/lib/libverify.so
7ff07ecc2000-7ff07ecc4000 r--p 0000e000 08:02 1443253                    /usr/lib/jvm/java-11-openjdk-amd64/lib/libverify.so
7ff07ecc4000-7ff07ecc5000 rw-p 00010000 08:02 1443253                    /usr/lib/jvm/java-11-openjdk-amd64/lib/libverify.so
7ff07ecc5000-7ff07ecc8000 r--p 00000000 08:02 1443219                    /usr/lib/jvm/java-11-openjdk-amd64/lib/jli/libjli.so
7ff07ecc8000-7ff07ecd2000 r-xp 00003000 08:02 1443219                    /usr/lib/jvm/java-11-openjdk-amd64/lib/jli/libjli.so
7ff07ecd2000-7ff07ecd5000 r--p 0000d000 08:02 1443219                    /usr/lib/jvm/java-11-openjdk-amd64/lib/jli/libjli.so
7ff07ecd5000-7ff07ecd6000 ---p 00010000 08:02 1443219                    /usr/lib/jvm/java-11-openjdk-amd64/lib/jli/libjli.so
7ff07ecd6000-7ff07ecd7000 r--p 00010000 08:02 1443219                    /usr/lib/jvm/java-11-openjdk-amd64/lib/jli/libjli.so
7ff07ecd7000-7ff07ecd8000 rw-p 00011000 08:02 1443219                    /usr/lib/jvm/java-11-openjdk-amd64/lib/jli/libjli.so
7ff07ecd8000-7ff07ecda000 rw-p 00000000 00:00 0 
7ff07ecda000-7ff07ecdb000 r--p 00000000 08:02 1312176                    /usr/lib/x86_64-linux-gnu/ld-2.31.so
7ff07ecdb000-7ff07ecfe000 r-xp 00001000 08:02 1312176                    /usr/lib/x86_64-linux-gnu/ld-2.31.so
7ff07ecfe000-7ff07ed06000 r--p 00024000 08:02 1312176                    /usr/lib/x86_64-linux-gnu/ld-2.31.so
7ff07ed07000-7ff07ed08000 r--p 0002c000 08:02 1312176                    /usr/lib/x86_64-linux-gnu/ld-2.31.so
7ff07ed08000-7ff07ed09000 rw-p 0002d000 08:02 1312176                    /usr/lib/x86_64-linux-gnu/ld-2.31.so
7ff07ed09000-7ff07ed0a000 rw-p 00000000 00:00 0 
7ffeb6df1000-7ffeb6e12000 rw-p 00000000 00:00 0                          [stack]
7ffeb6ec2000-7ffeb6ec5000 r--p 00000000 00:00 0                          [vvar]
7ffeb6ec5000-7ffeb6ec6000 r-xp 00000000 00:00 0                          [vdso]
ffffffffff600000-ffffffffff601000 --xp 00000000 00:00 0                  [vsyscall]


VM Arguments:
jvm_args: -Dclassworlds.conf=/media/hoosain/SDCard/Programs/netbeans-12.4/netbeans/java/maven/bin/m2.conf -Dmaven.home=/media/hoosain/SDCard/Programs/netbeans-12.4/netbeans/java/maven -Dlibrary.jansi.path=/media/hoosain/SDCard/Programs/netbeans-12.4/netbeans/java/maven/lib/jansi-native -Dmaven.multiModuleProjectDirectory=/home/hoosain/NetBeansProjects/Optimed 
java_command: org.codehaus.plexus.classworlds.launcher.Launcher -Dspring-boot.run.jvmArguments=-noverify -XX:TieredStopAtLevel=1 -Dspring-boot.run.mainClass=com.madhis.optimed.OptimedApplication -Dexec.vmArgs= -Dexec.appArgs= -Dmaven.ext.class.path=/media/hoosain/SDCard/Programs/netbeans-12.4/netbeans/java/maven-nblib/netbeans-eventspy.jar spring-boot:run
java_class_path (initial): /media/hoosain/SDCard/Programs/netbeans-12.4/netbeans/java/maven/boot/plexus-classworlds-2.6.0.jar
Launcher Type: SUN_STANDARD

[Global flags]
     intx CICompilerCount                          = 3                                         {product} {ergonomic}
     uint ConcGCThreads                            = 1                                         {product} {ergonomic}
     uint G1ConcRefinementThreads                  = 4                                         {product} {ergonomic}
   size_t G1HeapRegionSize                         = 1048576                                   {product} {ergonomic}
    uintx GCDrainStackTargetSize                   = 64                                        {product} {ergonomic}
   size_t InitialHeapSize                          = 130023424                                 {product} {ergonomic}
   size_t MarkStackSize                            = 4194304                                   {product} {ergonomic}
   size_t MaxHeapSize                              = 2063597568                                {product} {ergonomic}
   size_t MaxNewSize                               = 1237319680                                {product} {ergonomic}
   size_t MinHeapDeltaBytes                        = 1048576                                   {product} {ergonomic}
    uintx NonNMethodCodeHeapSize                   = 5830732                                {pd product} {ergonomic}
    uintx NonProfiledCodeHeapSize                  = 122913754                              {pd product} {ergonomic}
    uintx ProfiledCodeHeapSize                     = 122913754                              {pd product} {ergonomic}
    uintx ReservedCodeCacheSize                    = 251658240                              {pd product} {ergonomic}
     bool SegmentedCodeCache                       = true                                      {product} {ergonomic}
     bool UseCompressedClassPointers               = true                                 {lp64_product} {ergonomic}
     bool UseCompressedOops                        = true                                 {lp64_product} {ergonomic}
     bool UseG1GC                                  = true                                      {product} {ergonomic}

Logging:
Log output configuration:
 #0: stdout all=warning uptime,level,tags
 #1: stderr all=off uptime,level,tags

Environment Variables:
JAVA_HOME=/usr/lib/jvm/java-11-openjdk-amd64
PATH=/usr/local/sbin:/usr/local/bin:/usr/sbin:/usr/bin:/sbin:/bin:/usr/games:/usr/local/games:/snap/bin
SHELL=/bin/bash
DISPLAY=:0
LANG=en_ZA.UTF-8

Signal Handlers:
SIGSEGV: [libjvm.so+0xe8ba00], sa_mask[0]=11111111011111111101111111111110, sa_flags=SA_RESTART|SA_SIGINFO
SIGBUS: [libjvm.so+0xe8ba00], sa_mask[0]=11111111011111111101111111111110, sa_flags=SA_RESTART|SA_SIGINFO
SIGFPE: [libjvm.so+0xe8ba00], sa_mask[0]=11111111011111111101111111111110, sa_flags=SA_RESTART|SA_SIGINFO
SIGPIPE: [libjvm.so+0xbd10f0], sa_mask[0]=11111111011111111101111111111110, sa_flags=SA_RESTART|SA_SIGINFO
SIGXFSZ: [libjvm.so+0xbd10f0], sa_mask[0]=11111111011111111101111111111110, sa_flags=SA_RESTART|SA_SIGINFO
SIGILL: [libjvm.so+0xe8ba00], sa_mask[0]=11111111011111111101111111111110, sa_flags=SA_RESTART|SA_SIGINFO
SIGUSR2: [libjvm.so+0xbd0f90], sa_mask[0]=00100000000000000000000000000000, sa_flags=SA_RESTART|SA_SIGINFO
SIGHUP: [libjvm.so+0xbd1430], sa_mask[0]=11111111011111111101111111111110, sa_flags=SA_RESTART|SA_SIGINFO
SIGINT: SIG_IGN, sa_mask[0]=00000000000000000000000000000000, sa_flags=none
SIGTERM: [libjvm.so+0xbd1430], sa_mask[0]=11111111011111111101111111111110, sa_flags=SA_RESTART|SA_SIGINFO
SIGQUIT: [libjvm.so+0xbd1430], sa_mask[0]=11111111011111111101111111111110, sa_flags=SA_RESTART|SA_SIGINFO


---------------  S Y S T E M  ---------------

OS:DISTRIB_ID=LinuxMint
DISTRIB_RELEASE=20.2
DISTRIB_CODENAME=uma
DISTRIB_DESCRIPTION="Linux Mint 20.2 Uma"
uname:Linux 5.4.0-58-generic #64-Ubuntu SMP Wed Dec 9 08:16:25 UTC 2020 x86_64
OS uptime: 0 days 22:36 hours
libc:glibc 2.31 NPTL 2.31 
rlimit (soft/hard): STACK 8192k/infinity , CORE 0k/infinity , NPROC 31104/31104 , NOFILE 1048576/1048576 , AS infinity/infinity , CPU infinity/infinity , DATA infinity/infinity , FSIZE infinity/infinity , MEMLOCK 65536k/65536k
load average:0.68 0.54 0.95

/proc/meminfo:
MemTotal:        8055740 kB
MemFree:         2413136 kB
MemAvailable:    3201184 kB
Buffers:          102344 kB
Cached:          1383472 kB
SwapCached:        11648 kB
Active:          3599300 kB
Inactive:        1564672 kB
Active(anon):    3094244 kB
Inactive(anon):  1139496 kB
Active(file):     505056 kB
Inactive(file):   425176 kB
Unevictable:       78704 kB
Mlocked:              32 kB
SwapTotal:       7812092 kB
SwapFree:        7441064 kB
Dirty:               392 kB
Writeback:             0 kB
AnonPages:       3747080 kB
Mapped:           491344 kB
Shmem:            588840 kB
KReclaimable:     154176 kB
Slab:             283708 kB
SReclaimable:     154176 kB
SUnreclaim:       129532 kB
KernelStack:       19528 kB
PageTables:        39312 kB
NFS_Unstable:          0 kB
Bounce:                0 kB
WritebackTmp:          0 kB
CommitLimit:    11839960 kB
Committed_AS:   13278392 kB
VmallocTotal:   34359738367 kB
VmallocUsed:       38744 kB
VmallocChunk:          0 kB
Percpu:             3056 kB
HardwareCorrupted:     0 kB
AnonHugePages:         0 kB
ShmemHugePages:        0 kB
ShmemPmdMapped:        0 kB
FileHugePages:         0 kB
FilePmdMapped:         0 kB
CmaTotal:              0 kB
CmaFree:               0 kB
HugePages_Total:       0
HugePages_Free:        0
HugePages_Rsvd:        0
HugePages_Surp:        0
Hugepagesize:       2048 kB
Hugetlb:               0 kB
DirectMap4k:      548768 kB
DirectMap2M:     7743488 kB
DirectMap1G:     1048576 kB

/sys/kernel/mm/transparent_hugepage/enabled:
always [madvise] never
/sys/kernel/mm/transparent_hugepage/defrag (defrag/compaction efforts parameter):
always defer defer+madvise [madvise] never

Process Memory:
Virtual Size: 5026236K (peak: 13445780K)
Resident Set Size: 249792K (peak: 274644K) (anon: 237204K, file: 12588K, shmem: 0K)
Swapped out: 0K
C-Heap outstanding allocations: 18840K

/proc/sys/kernel/threads-max (system-wide limit on the number of threads):
62208
/proc/sys/vm/max_map_count (maximum number of memory map areas a process may have):
65530
/proc/sys/kernel/pid_max (system-wide limit on number of process identifiers):
4194304

container (cgroup) information:
container_type: cgroupv1
cpu_cpuset_cpus: 0-3
cpu_memory_nodes: 0
active_processor_count: 4
cpu_quota: -1
cpu_period: 100000
cpu_shares: -1
memory_limit_in_bytes: -1
memory_and_swap_limit_in_bytes: -2
memory_soft_limit_in_bytes: -1
memory_usage_in_bytes: 4335398912
memory_max_usage_in_bytes: 6714925056

Steal ticks since vm start: 0
Steal ticks percentage since vm start:  0.000

CPU:total 4 (initial active 4) (2 cores per cpu, 2 threads per core) family 6 model 69 stepping 1 microcode 0x26, cmov, cx8, fxsr, mmx, sse, sse2, sse3, ssse3, sse4.1, sse4.2, popcnt, avx, avx2, aes, clmul, erms, lzcnt, ht, tsc, tscinvbit, bmi1, bmi2, fma
CPU Model and flags from /proc/cpuinfo:
model name	: Intel(R) Core(TM) i5-4310U CPU @ 2.00GHz
flags		: fpu vme de pse tsc msr pae mce cx8 apic sep mtrr pge mca cmov pat pse36 clflush dts acpi mmx fxsr sse sse2 ss ht tm pbe syscall nx pdpe1gb rdtscp lm constant_tsc arch_perfmon pebs bts rep_good nopl xtopology nonstop_tsc cpuid aperfmperf pni pclmulqdq dtes64 monitor ds_cpl vmx smx est tm2 ssse3 sdbg fma cx16 xtpr pdcm pcid sse4_1 sse4_2 x2apic movbe popcnt tsc_deadline_timer aes xsave avx f16c rdrand lahf_lm abm cpuid_fault epb invpcid_single pti ssbd ibrs ibpb stibp tpr_shadow vnmi flexpriority ept vpid ept_ad fsgsbase tsc_adjust bmi1 avx2 smep bmi2 erms invpcid xsaveopt dtherm ida arat pln pts md_clear flush_l1d
Online cpus:
0-3
Offline cpus:

BIOS frequency limitation:
<Not Available>
Frequency switch latency (ns):
0
Available cpu frequencies:
<Not Available>
Current governor:
powersave
Core performance/turbo boost:
<Not Available>

Memory: 4k page, physical 8055740k(2413136k free), swap 7812092k(7441064k free)

vm_info: OpenJDK 64-Bit Server VM (11.0.11+9-Ubuntu-0ubuntu2.20.04) for linux-amd64 JRE (11.0.11+9-Ubuntu-0ubuntu2.20.04), built on Apr 21 2021 09:15:32 by "unknown" with gcc 9.3.0

END.
